<?xml version="1.0" encoding="utf-8"?>
<CoverageSession xmlns:xsd="http://www.w3.org/2001/XMLSchema" xmlns:xsi="http://www.w3.org/2001/XMLSchema-instance" Version="0.0.0.0">
  <Summary numSequencePoints="313" visitedSequencePoints="0" numBranchPoints="0" visitedBranchPoints="0" sequenceCoverage="0.0" branchCoverage="0.0" maxCyclomaticComplexity="0" minCyclomaticComplexity="0" maxCrapScore="0" minCrapScore="0" visitedClasses="0" numClasses="13" visitedMethods="0" numMethods="67" />
  <Modules>
    <Module>
      <Summary numSequencePoints="186" visitedSequencePoints="0" numBranchPoints="0" visitedBranchPoints="0" sequenceCoverage="0.0" branchCoverage="0.0" maxCyclomaticComplexity="0" minCyclomaticComplexity="0" maxCrapScore="0" minCrapScore="0" visitedClasses="0" numClasses="5" visitedMethods="0" numMethods="45" />
      <ModuleTime>0001-01-01T00:00:00</ModuleTime>
      <ModuleName>Assembly-CSharp</ModuleName>
      <Files>
        <File uid="1" fullPath="C:/Users/Wicke/OneDrive/Documents/Unity Onboarding Experience/OnboardingExperience/Assets/Resources/Scripts/VirtualInputs/UIVirtualButton.cs" />
        <File uid="2" fullPath="C:/Users/Wicke/OneDrive/Documents/Unity Onboarding Experience/OnboardingExperience/Assets/Resources/Scripts/VirtualInputs/UIVirtualJoystick.cs" />
        <File uid="3" fullPath="C:/Users/Wicke/OneDrive/Documents/Unity Onboarding Experience/OnboardingExperience/Assets/Resources/Scripts/VirtualInputs/UIVirtualTouchZone.cs" />
        <File uid="4" fullPath="C:/Users/Wicke/OneDrive/Documents/Unity Onboarding Experience/OnboardingExperience/Assets/InputSystem/StarterAssetsInputs.cs" />
        <File uid="5" fullPath="C:/Users/Wicke/OneDrive/Documents/Unity Onboarding Experience/OnboardingExperience/Assets/Resources/Scripts/CanvasInputs/UICanvasControllerInput.cs" />
      </Files>
      <Classes>
        <Class>
          <Summary numSequencePoints="15" visitedSequencePoints="0" numBranchPoints="0" visitedBranchPoints="0" sequenceCoverage="0.0" branchCoverage="0.0" maxCyclomaticComplexity="0" minCyclomaticComplexity="0" maxCrapScore="0" minCrapScore="0" visitedClasses="0" numClasses="1" visitedMethods="0" numMethods="5" />
          <FullName>UIVirtualButton</FullName>
          <Methods>
            <Method visited="false" cyclomaticComplexity="0" nPathComplexity="0" sequenceCoverage="0.0" branchCoverage="0" crapScore="0" isConstructor="false" isStatic="false" isGetter="false" isSetter="false">
              <Summary numSequencePoints="3" visitedSequencePoints="0" numBranchPoints="0" visitedBranchPoints="0" sequenceCoverage="0.0" branchCoverage="0" maxCyclomaticComplexity="0" minCyclomaticComplexity="0" maxCrapScore="0" minCrapScore="0" visitedClasses="0" numClasses="0" visitedMethods="0" numMethods="1" />
              <MetadataToken>100663298</MetadataToken>
              <Name>System.Void UIVirtualButton::OnPointerDown(UnityEngine.EventSystems.PointerEventData)</Name>
              <FileRef uid="1" />
              <SequencePoints>
                <SequencePoint vc="0" uspid="1" ordinal="0" offset="0" sl="15" sc="0" el="15" ec="0" bec="0" bev="0" fileid="1" />
                <SequencePoint vc="0" uspid="2" ordinal="0" offset="1" sl="16" sc="0" el="16" ec="0" bec="0" bev="0" fileid="1" />
                <SequencePoint vc="0" uspid="3" ordinal="0" offset="9" sl="17" sc="0" el="17" ec="0" bec="0" bev="0" fileid="1" />
              </SequencePoints>
              <BranchPoints />
            </Method>
            <Method visited="false" cyclomaticComplexity="0" nPathComplexity="0" sequenceCoverage="0.0" branchCoverage="0" crapScore="0" isConstructor="false" isStatic="false" isGetter="false" isSetter="false">
              <Summary numSequencePoints="3" visitedSequencePoints="0" numBranchPoints="0" visitedBranchPoints="0" sequenceCoverage="0.0" branchCoverage="0" maxCyclomaticComplexity="0" minCyclomaticComplexity="0" maxCrapScore="0" minCrapScore="0" visitedClasses="0" numClasses="0" visitedMethods="0" numMethods="1" />
              <MetadataToken>100663299</MetadataToken>
              <Name>System.Void UIVirtualButton::OnPointerUp(UnityEngine.EventSystems.PointerEventData)</Name>
              <FileRef uid="1" />
              <SequencePoints>
                <SequencePoint vc="0" uspid="4" ordinal="0" offset="0" sl="20" sc="0" el="20" ec="0" bec="0" bev="0" fileid="1" />
                <SequencePoint vc="0" uspid="5" ordinal="0" offset="1" sl="21" sc="0" el="21" ec="0" bec="0" bev="0" fileid="1" />
                <SequencePoint vc="0" uspid="6" ordinal="0" offset="9" sl="22" sc="0" el="22" ec="0" bec="0" bev="0" fileid="1" />
              </SequencePoints>
              <BranchPoints />
            </Method>
            <Method visited="false" cyclomaticComplexity="0" nPathComplexity="0" sequenceCoverage="0.0" branchCoverage="0" crapScore="0" isConstructor="false" isStatic="false" isGetter="false" isSetter="false">
              <Summary numSequencePoints="3" visitedSequencePoints="0" numBranchPoints="0" visitedBranchPoints="0" sequenceCoverage="0.0" branchCoverage="0" maxCyclomaticComplexity="0" minCyclomaticComplexity="0" maxCrapScore="0" minCrapScore="0" visitedClasses="0" numClasses="0" visitedMethods="0" numMethods="1" />
              <MetadataToken>100663300</MetadataToken>
              <Name>System.Void UIVirtualButton::OnPointerClick(UnityEngine.EventSystems.PointerEventData)</Name>
              <FileRef uid="1" />
              <SequencePoints>
                <SequencePoint vc="0" uspid="7" ordinal="0" offset="0" sl="25" sc="0" el="25" ec="0" bec="0" bev="0" fileid="1" />
                <SequencePoint vc="0" uspid="8" ordinal="0" offset="1" sl="26" sc="0" el="26" ec="0" bec="0" bev="0" fileid="1" />
                <SequencePoint vc="0" uspid="9" ordinal="0" offset="8" sl="27" sc="0" el="27" ec="0" bec="0" bev="0" fileid="1" />
              </SequencePoints>
              <BranchPoints />
            </Method>
            <Method visited="false" cyclomaticComplexity="0" nPathComplexity="0" sequenceCoverage="0.0" branchCoverage="0" crapScore="0" isConstructor="false" isStatic="false" isGetter="false" isSetter="false">
              <Summary numSequencePoints="3" visitedSequencePoints="0" numBranchPoints="0" visitedBranchPoints="0" sequenceCoverage="0.0" branchCoverage="0" maxCyclomaticComplexity="0" minCyclomaticComplexity="0" maxCrapScore="0" minCrapScore="0" visitedClasses="0" numClasses="0" visitedMethods="0" numMethods="1" />
              <MetadataToken>100663301</MetadataToken>
              <Name>System.Void UIVirtualButton::OutputButtonStateValue(System.Boolean)</Name>
              <FileRef uid="1" />
              <SequencePoints>
                <SequencePoint vc="0" uspid="10" ordinal="0" offset="0" sl="30" sc="0" el="30" ec="0" bec="0" bev="0" fileid="1" />
                <SequencePoint vc="0" uspid="11" ordinal="0" offset="1" sl="31" sc="0" el="31" ec="0" bec="0" bev="0" fileid="1" />
                <SequencePoint vc="0" uspid="12" ordinal="0" offset="14" sl="32" sc="0" el="32" ec="0" bec="0" bev="0" fileid="1" />
              </SequencePoints>
              <BranchPoints />
            </Method>
            <Method visited="false" cyclomaticComplexity="0" nPathComplexity="0" sequenceCoverage="0.0" branchCoverage="0" crapScore="0" isConstructor="false" isStatic="false" isGetter="false" isSetter="false">
              <Summary numSequencePoints="3" visitedSequencePoints="0" numBranchPoints="0" visitedBranchPoints="0" sequenceCoverage="0.0" branchCoverage="0" maxCyclomaticComplexity="0" minCyclomaticComplexity="0" maxCrapScore="0" minCrapScore="0" visitedClasses="0" numClasses="0" visitedMethods="0" numMethods="1" />
              <MetadataToken>100663302</MetadataToken>
              <Name>System.Void UIVirtualButton::OutputButtonClickEvent()</Name>
              <FileRef uid="1" />
              <SequencePoints>
                <SequencePoint vc="0" uspid="13" ordinal="0" offset="0" sl="35" sc="0" el="35" ec="0" bec="0" bev="0" fileid="1" />
                <SequencePoint vc="0" uspid="14" ordinal="0" offset="1" sl="36" sc="0" el="36" ec="0" bec="0" bev="0" fileid="1" />
                <SequencePoint vc="0" uspid="15" ordinal="0" offset="13" sl="37" sc="0" el="37" ec="0" bec="0" bev="0" fileid="1" />
              </SequencePoints>
              <BranchPoints />
            </Method>
          </Methods>
        </Class>
        <Class>
          <Summary numSequencePoints="60" visitedSequencePoints="0" numBranchPoints="0" visitedBranchPoints="0" sequenceCoverage="0.0" branchCoverage="0.0" maxCyclomaticComplexity="0" minCyclomaticComplexity="0" maxCrapScore="0" minCrapScore="0" visitedClasses="0" numClasses="1" visitedMethods="0" numMethods="12" />
          <FullName>UIVirtualJoystick</FullName>
          <Methods>
            <Method visited="false" cyclomaticComplexity="0" nPathComplexity="0" sequenceCoverage="0.0" branchCoverage="0" crapScore="0" isConstructor="false" isStatic="false" isGetter="false" isSetter="false">
              <Summary numSequencePoints="3" visitedSequencePoints="0" numBranchPoints="0" visitedBranchPoints="0" sequenceCoverage="0.0" branchCoverage="0" maxCyclomaticComplexity="0" minCyclomaticComplexity="0" maxCrapScore="0" minCrapScore="0" visitedClasses="0" numClasses="0" visitedMethods="0" numMethods="1" />
              <MetadataToken>100663304</MetadataToken>
              <Name>System.Void UIVirtualJoystick::Start()</Name>
              <FileRef uid="2" />
              <SequencePoints>
                <SequencePoint vc="0" uspid="16" ordinal="0" offset="0" sl="25" sc="0" el="25" ec="0" bec="0" bev="0" fileid="2" />
                <SequencePoint vc="0" uspid="17" ordinal="0" offset="1" sl="26" sc="0" el="26" ec="0" bec="0" bev="0" fileid="2" />
                <SequencePoint vc="0" uspid="18" ordinal="0" offset="8" sl="27" sc="0" el="27" ec="0" bec="0" bev="0" fileid="2" />
              </SequencePoints>
              <BranchPoints />
            </Method>
            <Method visited="false" cyclomaticComplexity="0" nPathComplexity="0" sequenceCoverage="0.0" branchCoverage="0" crapScore="0" isConstructor="false" isStatic="false" isGetter="false" isSetter="false">
              <Summary numSequencePoints="6" visitedSequencePoints="0" numBranchPoints="0" visitedBranchPoints="0" sequenceCoverage="0.0" branchCoverage="0" maxCyclomaticComplexity="0" minCyclomaticComplexity="0" maxCrapScore="0" minCrapScore="0" visitedClasses="0" numClasses="0" visitedMethods="0" numMethods="1" />
              <MetadataToken>100663305</MetadataToken>
              <Name>System.Void UIVirtualJoystick::SetupHandle()</Name>
              <FileRef uid="2" />
              <SequencePoints>
                <SequencePoint vc="0" uspid="19" ordinal="0" offset="0" sl="30" sc="0" el="30" ec="0" bec="0" bev="0" fileid="2" />
                <SequencePoint vc="0" uspid="20" ordinal="0" offset="1" sl="31" sc="0" el="31" ec="0" bec="0" bev="0" fileid="2" />
                <SequencePoint vc="0" uspid="21" ordinal="0" offset="16" sl="32" sc="0" el="32" ec="0" bec="0" bev="0" fileid="2" />
                <SequencePoint vc="0" uspid="22" ordinal="0" offset="17" sl="33" sc="0" el="33" ec="0" bec="0" bev="0" fileid="2" />
                <SequencePoint vc="0" uspid="23" ordinal="0" offset="29" sl="34" sc="0" el="34" ec="0" bec="0" bev="0" fileid="2" />
                <SequencePoint vc="0" uspid="24" ordinal="0" offset="30" sl="35" sc="0" el="35" ec="0" bec="0" bev="0" fileid="2" />
              </SequencePoints>
              <BranchPoints />
            </Method>
            <Method visited="false" cyclomaticComplexity="0" nPathComplexity="0" sequenceCoverage="0.0" branchCoverage="0" crapScore="0" isConstructor="false" isStatic="false" isGetter="false" isSetter="false">
              <Summary numSequencePoints="3" visitedSequencePoints="0" numBranchPoints="0" visitedBranchPoints="0" sequenceCoverage="0.0" branchCoverage="0" maxCyclomaticComplexity="0" minCyclomaticComplexity="0" maxCrapScore="0" minCrapScore="0" visitedClasses="0" numClasses="0" visitedMethods="0" numMethods="1" />
              <MetadataToken>100663306</MetadataToken>
              <Name>System.Void UIVirtualJoystick::OnPointerDown(UnityEngine.EventSystems.PointerEventData)</Name>
              <FileRef uid="2" />
              <SequencePoints>
                <SequencePoint vc="0" uspid="25" ordinal="0" offset="0" sl="38" sc="0" el="38" ec="0" bec="0" bev="0" fileid="2" />
                <SequencePoint vc="0" uspid="26" ordinal="0" offset="1" sl="39" sc="0" el="39" ec="0" bec="0" bev="0" fileid="2" />
                <SequencePoint vc="0" uspid="27" ordinal="0" offset="9" sl="40" sc="0" el="40" ec="0" bec="0" bev="0" fileid="2" />
              </SequencePoints>
              <BranchPoints />
            </Method>
            <Method visited="false" cyclomaticComplexity="0" nPathComplexity="0" sequenceCoverage="0.0" branchCoverage="0" crapScore="0" isConstructor="false" isStatic="false" isGetter="false" isSetter="false">
              <Summary numSequencePoints="11" visitedSequencePoints="0" numBranchPoints="0" visitedBranchPoints="0" sequenceCoverage="0.0" branchCoverage="0" maxCyclomaticComplexity="0" minCyclomaticComplexity="0" maxCrapScore="0" minCrapScore="0" visitedClasses="0" numClasses="0" visitedMethods="0" numMethods="1" />
              <MetadataToken>100663307</MetadataToken>
              <Name>System.Void UIVirtualJoystick::OnDrag(UnityEngine.EventSystems.PointerEventData)</Name>
              <FileRef uid="2" />
              <SequencePoints>
                <SequencePoint vc="0" uspid="28" ordinal="0" offset="0" sl="43" sc="0" el="43" ec="0" bec="0" bev="0" fileid="2" />
                <SequencePoint vc="0" uspid="29" ordinal="0" offset="1" sl="45" sc="0" el="45" ec="0" bec="0" bev="0" fileid="2" />
                <SequencePoint vc="0" uspid="30" ordinal="0" offset="27" sl="47" sc="0" el="47" ec="0" bec="0" bev="0" fileid="2" />
                <SequencePoint vc="0" uspid="31" ordinal="0" offset="35" sl="49" sc="0" el="49" ec="0" bec="0" bev="0" fileid="2" />
                <SequencePoint vc="0" uspid="32" ordinal="0" offset="43" sl="51" sc="0" el="51" ec="0" bec="0" bev="0" fileid="2" />
                <SequencePoint vc="0" uspid="33" ordinal="0" offset="51" sl="53" sc="0" el="53" ec="0" bec="0" bev="0" fileid="2" />
                <SequencePoint vc="0" uspid="34" ordinal="0" offset="70" sl="55" sc="0" el="55" ec="0" bec="0" bev="0" fileid="2" />
                <SequencePoint vc="0" uspid="35" ordinal="0" offset="85" sl="56" sc="0" el="56" ec="0" bec="0" bev="0" fileid="2" />
                <SequencePoint vc="0" uspid="36" ordinal="0" offset="86" sl="57" sc="0" el="57" ec="0" bec="0" bev="0" fileid="2" />
                <SequencePoint vc="0" uspid="37" ordinal="0" offset="105" sl="58" sc="0" el="58" ec="0" bec="0" bev="0" fileid="2" />
                <SequencePoint vc="0" uspid="38" ordinal="0" offset="106" sl="60" sc="0" el="60" ec="0" bec="0" bev="0" fileid="2" />
              </SequencePoints>
              <BranchPoints />
            </Method>
            <Method visited="false" cyclomaticComplexity="0" nPathComplexity="0" sequenceCoverage="0.0" branchCoverage="0" crapScore="0" isConstructor="false" isStatic="false" isGetter="false" isSetter="false">
              <Summary numSequencePoints="7" visitedSequencePoints="0" numBranchPoints="0" visitedBranchPoints="0" sequenceCoverage="0.0" branchCoverage="0" maxCyclomaticComplexity="0" minCyclomaticComplexity="0" maxCrapScore="0" minCrapScore="0" visitedClasses="0" numClasses="0" visitedMethods="0" numMethods="1" />
              <MetadataToken>100663308</MetadataToken>
              <Name>System.Void UIVirtualJoystick::OnPointerUp(UnityEngine.EventSystems.PointerEventData)</Name>
              <FileRef uid="2" />
              <SequencePoints>
                <SequencePoint vc="0" uspid="39" ordinal="0" offset="0" sl="63" sc="0" el="63" ec="0" bec="0" bev="0" fileid="2" />
                <SequencePoint vc="0" uspid="40" ordinal="0" offset="1" sl="64" sc="0" el="64" ec="0" bec="0" bev="0" fileid="2" />
                <SequencePoint vc="0" uspid="41" ordinal="0" offset="13" sl="66" sc="0" el="66" ec="0" bec="0" bev="0" fileid="2" />
                <SequencePoint vc="0" uspid="42" ordinal="0" offset="28" sl="67" sc="0" el="67" ec="0" bec="0" bev="0" fileid="2" />
                <SequencePoint vc="0" uspid="43" ordinal="0" offset="29" sl="68" sc="0" el="68" ec="0" bec="0" bev="0" fileid="2" />
                <SequencePoint vc="0" uspid="44" ordinal="0" offset="41" sl="69" sc="0" el="69" ec="0" bec="0" bev="0" fileid="2" />
                <SequencePoint vc="0" uspid="45" ordinal="0" offset="42" sl="70" sc="0" el="70" ec="0" bec="0" bev="0" fileid="2" />
              </SequencePoints>
              <BranchPoints />
            </Method>
            <Method visited="false" cyclomaticComplexity="0" nPathComplexity="0" sequenceCoverage="0.0" branchCoverage="0" crapScore="0" isConstructor="false" isStatic="false" isGetter="false" isSetter="false">
              <Summary numSequencePoints="3" visitedSequencePoints="0" numBranchPoints="0" visitedBranchPoints="0" sequenceCoverage="0.0" branchCoverage="0" maxCyclomaticComplexity="0" minCyclomaticComplexity="0" maxCrapScore="0" minCrapScore="0" visitedClasses="0" numClasses="0" visitedMethods="0" numMethods="1" />
              <MetadataToken>100663309</MetadataToken>
              <Name>System.Void UIVirtualJoystick::OutputPointerEventValue(UnityEngine.Vector2)</Name>
              <FileRef uid="2" />
              <SequencePoints>
                <SequencePoint vc="0" uspid="46" ordinal="0" offset="0" sl="73" sc="0" el="73" ec="0" bec="0" bev="0" fileid="2" />
                <SequencePoint vc="0" uspid="47" ordinal="0" offset="1" sl="74" sc="0" el="74" ec="0" bec="0" bev="0" fileid="2" />
                <SequencePoint vc="0" uspid="48" ordinal="0" offset="14" sl="75" sc="0" el="75" ec="0" bec="0" bev="0" fileid="2" />
              </SequencePoints>
              <BranchPoints />
            </Method>
            <Method visited="false" cyclomaticComplexity="0" nPathComplexity="0" sequenceCoverage="0.0" branchCoverage="0" crapScore="0" isConstructor="false" isStatic="false" isGetter="false" isSetter="false">
              <Summary numSequencePoints="3" visitedSequencePoints="0" numBranchPoints="0" visitedBranchPoints="0" sequenceCoverage="0.0" branchCoverage="0" maxCyclomaticComplexity="0" minCyclomaticComplexity="0" maxCrapScore="0" minCrapScore="0" visitedClasses="0" numClasses="0" visitedMethods="0" numMethods="1" />
              <MetadataToken>100663310</MetadataToken>
              <Name>System.Void UIVirtualJoystick::UpdateHandleRectPosition(UnityEngine.Vector2)</Name>
              <FileRef uid="2" />
              <SequencePoints>
                <SequencePoint vc="0" uspid="49" ordinal="0" offset="0" sl="78" sc="0" el="78" ec="0" bec="0" bev="0" fileid="2" />
                <SequencePoint vc="0" uspid="50" ordinal="0" offset="1" sl="79" sc="0" el="79" ec="0" bec="0" bev="0" fileid="2" />
                <SequencePoint vc="0" uspid="51" ordinal="0" offset="14" sl="80" sc="0" el="80" ec="0" bec="0" bev="0" fileid="2" />
              </SequencePoints>
              <BranchPoints />
            </Method>
            <Method visited="false" cyclomaticComplexity="0" nPathComplexity="0" sequenceCoverage="0.0" branchCoverage="0" crapScore="0" isConstructor="false" isStatic="false" isGetter="false" isSetter="false">
              <Summary numSequencePoints="5" visitedSequencePoints="0" numBranchPoints="0" visitedBranchPoints="0" sequenceCoverage="0.0" branchCoverage="0" maxCyclomaticComplexity="0" minCyclomaticComplexity="0" maxCrapScore="0" minCrapScore="0" visitedClasses="0" numClasses="0" visitedMethods="0" numMethods="1" />
              <MetadataToken>100663311</MetadataToken>
              <Name>UnityEngine.Vector2 UIVirtualJoystick::ApplySizeDelta(UnityEngine.Vector2)</Name>
              <FileRef uid="2" />
              <SequencePoints>
                <SequencePoint vc="0" uspid="52" ordinal="0" offset="0" sl="83" sc="0" el="83" ec="0" bec="0" bev="0" fileid="2" />
                <SequencePoint vc="0" uspid="53" ordinal="0" offset="1" sl="84" sc="0" el="84" ec="0" bec="0" bev="0" fileid="2" />
                <SequencePoint vc="0" uspid="54" ordinal="0" offset="31" sl="85" sc="0" el="85" ec="0" bec="0" bev="0" fileid="2" />
                <SequencePoint vc="0" uspid="55" ordinal="0" offset="61" sl="86" sc="0" el="86" ec="0" bec="0" bev="0" fileid="2" />
                <SequencePoint vc="0" uspid="56" ordinal="0" offset="71" sl="87" sc="0" el="87" ec="0" bec="0" bev="0" fileid="2" />
              </SequencePoints>
              <BranchPoints />
            </Method>
            <Method visited="false" cyclomaticComplexity="0" nPathComplexity="0" sequenceCoverage="0.0" branchCoverage="0" crapScore="0" isConstructor="false" isStatic="false" isGetter="false" isSetter="false">
              <Summary numSequencePoints="3" visitedSequencePoints="0" numBranchPoints="0" visitedBranchPoints="0" sequenceCoverage="0.0" branchCoverage="0" maxCyclomaticComplexity="0" minCyclomaticComplexity="0" maxCrapScore="0" minCrapScore="0" visitedClasses="0" numClasses="0" visitedMethods="0" numMethods="1" />
              <MetadataToken>100663312</MetadataToken>
              <Name>UnityEngine.Vector2 UIVirtualJoystick::ClampValuesToMagnitude(UnityEngine.Vector2)</Name>
              <FileRef uid="2" />
              <SequencePoints>
                <SequencePoint vc="0" uspid="57" ordinal="0" offset="0" sl="90" sc="0" el="90" ec="0" bec="0" bev="0" fileid="2" />
                <SequencePoint vc="0" uspid="58" ordinal="0" offset="1" sl="91" sc="0" el="91" ec="0" bec="0" bev="0" fileid="2" />
                <SequencePoint vc="0" uspid="59" ordinal="0" offset="15" sl="92" sc="0" el="92" ec="0" bec="0" bev="0" fileid="2" />
              </SequencePoints>
              <BranchPoints />
            </Method>
            <Method visited="false" cyclomaticComplexity="0" nPathComplexity="0" sequenceCoverage="0.0" branchCoverage="0" crapScore="0" isConstructor="false" isStatic="false" isGetter="false" isSetter="false">
              <Summary numSequencePoints="11" visitedSequencePoints="0" numBranchPoints="0" visitedBranchPoints="0" sequenceCoverage="0.0" branchCoverage="0" maxCyclomaticComplexity="0" minCyclomaticComplexity="0" maxCrapScore="0" minCrapScore="0" visitedClasses="0" numClasses="0" visitedMethods="0" numMethods="1" />
              <MetadataToken>100663313</MetadataToken>
              <Name>UnityEngine.Vector2 UIVirtualJoystick::ApplyInversionFilter(UnityEngine.Vector2)</Name>
              <FileRef uid="2" />
              <SequencePoints>
                <SequencePoint vc="0" uspid="60" ordinal="0" offset="0" sl="95" sc="0" el="95" ec="0" bec="0" bev="0" fileid="2" />
                <SequencePoint vc="0" uspid="61" ordinal="0" offset="1" sl="96" sc="0" el="96" ec="0" bec="0" bev="0" fileid="2" />
                <SequencePoint vc="0" uspid="62" ordinal="0" offset="11" sl="97" sc="0" el="97" ec="0" bec="0" bev="0" fileid="2" />
                <SequencePoint vc="0" uspid="63" ordinal="0" offset="12" sl="98" sc="0" el="98" ec="0" bec="0" bev="0" fileid="2" />
                <SequencePoint vc="0" uspid="64" ordinal="0" offset="31" sl="99" sc="0" el="99" ec="0" bec="0" bev="0" fileid="2" />
                <SequencePoint vc="0" uspid="65" ordinal="0" offset="32" sl="101" sc="0" el="101" ec="0" bec="0" bev="0" fileid="2" />
                <SequencePoint vc="0" uspid="66" ordinal="0" offset="42" sl="102" sc="0" el="102" ec="0" bec="0" bev="0" fileid="2" />
                <SequencePoint vc="0" uspid="67" ordinal="0" offset="43" sl="103" sc="0" el="103" ec="0" bec="0" bev="0" fileid="2" />
                <SequencePoint vc="0" uspid="68" ordinal="0" offset="62" sl="104" sc="0" el="104" ec="0" bec="0" bev="0" fileid="2" />
                <SequencePoint vc="0" uspid="69" ordinal="0" offset="63" sl="106" sc="0" el="106" ec="0" bec="0" bev="0" fileid="2" />
                <SequencePoint vc="0" uspid="70" ordinal="0" offset="67" sl="107" sc="0" el="107" ec="0" bec="0" bev="0" fileid="2" />
              </SequencePoints>
              <BranchPoints />
            </Method>
            <Method visited="false" cyclomaticComplexity="0" nPathComplexity="0" sequenceCoverage="0.0" branchCoverage="0" crapScore="0" isConstructor="false" isStatic="false" isGetter="false" isSetter="false">
              <Summary numSequencePoints="3" visitedSequencePoints="0" numBranchPoints="0" visitedBranchPoints="0" sequenceCoverage="0.0" branchCoverage="0" maxCyclomaticComplexity="0" minCyclomaticComplexity="0" maxCrapScore="0" minCrapScore="0" visitedClasses="0" numClasses="0" visitedMethods="0" numMethods="1" />
              <MetadataToken>100663314</MetadataToken>
              <Name>System.Single UIVirtualJoystick::InvertValue(System.Single)</Name>
              <FileRef uid="2" />
              <SequencePoints>
                <SequencePoint vc="0" uspid="71" ordinal="0" offset="0" sl="110" sc="0" el="110" ec="0" bec="0" bev="0" fileid="2" />
                <SequencePoint vc="0" uspid="72" ordinal="0" offset="1" sl="111" sc="0" el="111" ec="0" bec="0" bev="0" fileid="2" />
                <SequencePoint vc="0" uspid="73" ordinal="0" offset="6" sl="112" sc="0" el="112" ec="0" bec="0" bev="0" fileid="2" />
              </SequencePoints>
              <BranchPoints />
            </Method>
            <Method visited="false" cyclomaticComplexity="0" nPathComplexity="0" sequenceCoverage="0.0" branchCoverage="0" crapScore="0" isConstructor="true" isStatic="false" isGetter="false" isSetter="false">
              <Summary numSequencePoints="2" visitedSequencePoints="0" numBranchPoints="0" visitedBranchPoints="0" sequenceCoverage="0.0" branchCoverage="0" maxCyclomaticComplexity="0" minCyclomaticComplexity="0" maxCrapScore="0" minCrapScore="0" visitedClasses="0" numClasses="0" visitedMethods="0" numMethods="1" />
              <MetadataToken>100663315</MetadataToken>
              <Name>UIVirtualJoystick::UIVirtualJoystick()</Name>
              <FileRef uid="2" />
              <SequencePoints>
                <SequencePoint vc="0" uspid="74" ordinal="0" offset="0" sl="16" sc="0" el="16" ec="0" bec="0" bev="0" fileid="2" />
                <SequencePoint vc="0" uspid="75" ordinal="0" offset="11" sl="17" sc="0" el="17" ec="0" bec="0" bev="0" fileid="2" />
              </SequencePoints>
              <BranchPoints />
            </Method>
          </Methods>
        </Class>
        <Class>
          <Summary numSequencePoints="64" visitedSequencePoints="0" numBranchPoints="0" visitedBranchPoints="0" sequenceCoverage="0.0" branchCoverage="0.0" maxCyclomaticComplexity="0" minCyclomaticComplexity="0" maxCrapScore="0" minCrapScore="0" visitedClasses="0" numClasses="1" visitedMethods="0" numMethods="13" />
          <FullName>UIVirtualTouchZone</FullName>
          <Methods>
            <Method visited="false" cyclomaticComplexity="0" nPathComplexity="0" sequenceCoverage="0.0" branchCoverage="0" crapScore="0" isConstructor="false" isStatic="false" isGetter="false" isSetter="false">
              <Summary numSequencePoints="3" visitedSequencePoints="0" numBranchPoints="0" visitedBranchPoints="0" sequenceCoverage="0.0" branchCoverage="0" maxCyclomaticComplexity="0" minCyclomaticComplexity="0" maxCrapScore="0" minCrapScore="0" visitedClasses="0" numClasses="0" visitedMethods="0" numMethods="1" />
              <MetadataToken>100663316</MetadataToken>
              <Name>System.Void UIVirtualTouchZone::Start()</Name>
              <FileRef uid="3" />
              <SequencePoints>
                <SequencePoint vc="0" uspid="76" ordinal="0" offset="0" sl="28" sc="0" el="28" ec="0" bec="0" bev="0" fileid="3" />
                <SequencePoint vc="0" uspid="77" ordinal="0" offset="1" sl="29" sc="0" el="29" ec="0" bec="0" bev="0" fileid="3" />
                <SequencePoint vc="0" uspid="78" ordinal="0" offset="8" sl="30" sc="0" el="30" ec="0" bec="0" bev="0" fileid="3" />
              </SequencePoints>
              <BranchPoints />
            </Method>
            <Method visited="false" cyclomaticComplexity="0" nPathComplexity="0" sequenceCoverage="0.0" branchCoverage="0" crapScore="0" isConstructor="false" isStatic="false" isGetter="false" isSetter="false">
              <Summary numSequencePoints="6" visitedSequencePoints="0" numBranchPoints="0" visitedBranchPoints="0" sequenceCoverage="0.0" branchCoverage="0" maxCyclomaticComplexity="0" minCyclomaticComplexity="0" maxCrapScore="0" minCrapScore="0" visitedClasses="0" numClasses="0" visitedMethods="0" numMethods="1" />
              <MetadataToken>100663317</MetadataToken>
              <Name>System.Void UIVirtualTouchZone::SetupHandle()</Name>
              <FileRef uid="3" />
              <SequencePoints>
                <SequencePoint vc="0" uspid="79" ordinal="0" offset="0" sl="33" sc="0" el="33" ec="0" bec="0" bev="0" fileid="3" />
                <SequencePoint vc="0" uspid="80" ordinal="0" offset="1" sl="34" sc="0" el="34" ec="0" bec="0" bev="0" fileid="3" />
                <SequencePoint vc="0" uspid="81" ordinal="0" offset="16" sl="35" sc="0" el="35" ec="0" bec="0" bev="0" fileid="3" />
                <SequencePoint vc="0" uspid="82" ordinal="0" offset="17" sl="36" sc="0" el="36" ec="0" bec="0" bev="0" fileid="3" />
                <SequencePoint vc="0" uspid="83" ordinal="0" offset="36" sl="37" sc="0" el="37" ec="0" bec="0" bev="0" fileid="3" />
                <SequencePoint vc="0" uspid="84" ordinal="0" offset="37" sl="38" sc="0" el="38" ec="0" bec="0" bev="0" fileid="3" />
              </SequencePoints>
              <BranchPoints />
            </Method>
            <Method visited="false" cyclomaticComplexity="0" nPathComplexity="0" sequenceCoverage="0.0" branchCoverage="0" crapScore="0" isConstructor="false" isStatic="false" isGetter="false" isSetter="false">
              <Summary numSequencePoints="8" visitedSequencePoints="0" numBranchPoints="0" visitedBranchPoints="0" sequenceCoverage="0.0" branchCoverage="0" maxCyclomaticComplexity="0" minCyclomaticComplexity="0" maxCrapScore="0" minCrapScore="0" visitedClasses="0" numClasses="0" visitedMethods="0" numMethods="1" />
              <MetadataToken>100663318</MetadataToken>
              <Name>System.Void UIVirtualTouchZone::OnPointerDown(UnityEngine.EventSystems.PointerEventData)</Name>
              <FileRef uid="3" />
              <SequencePoints>
                <SequencePoint vc="0" uspid="85" ordinal="0" offset="0" sl="41" sc="0" el="41" ec="0" bec="0" bev="0" fileid="3" />
                <SequencePoint vc="0" uspid="86" ordinal="0" offset="1" sl="43" sc="0" el="43" ec="0" bec="0" bev="0" fileid="3" />
                <SequencePoint vc="0" uspid="87" ordinal="0" offset="31" sl="45" sc="0" el="45" ec="0" bec="0" bev="0" fileid="3" />
                <SequencePoint vc="0" uspid="88" ordinal="0" offset="46" sl="46" sc="0" el="46" ec="0" bec="0" bev="0" fileid="3" />
                <SequencePoint vc="0" uspid="89" ordinal="0" offset="47" sl="47" sc="0" el="47" ec="0" bec="0" bev="0" fileid="3" />
                <SequencePoint vc="0" uspid="90" ordinal="0" offset="66" sl="48" sc="0" el="48" ec="0" bec="0" bev="0" fileid="3" />
                <SequencePoint vc="0" uspid="91" ordinal="0" offset="79" sl="49" sc="0" el="49" ec="0" bec="0" bev="0" fileid="3" />
                <SequencePoint vc="0" uspid="92" ordinal="0" offset="80" sl="50" sc="0" el="50" ec="0" bec="0" bev="0" fileid="3" />
              </SequencePoints>
              <BranchPoints />
            </Method>
            <Method visited="false" cyclomaticComplexity="0" nPathComplexity="0" sequenceCoverage="0.0" branchCoverage="0" crapScore="0" isConstructor="false" isStatic="false" isGetter="false" isSetter="false">
              <Summary numSequencePoints="7" visitedSequencePoints="0" numBranchPoints="0" visitedBranchPoints="0" sequenceCoverage="0.0" branchCoverage="0" maxCyclomaticComplexity="0" minCyclomaticComplexity="0" maxCrapScore="0" minCrapScore="0" visitedClasses="0" numClasses="0" visitedMethods="0" numMethods="1" />
              <MetadataToken>100663319</MetadataToken>
              <Name>System.Void UIVirtualTouchZone::OnDrag(UnityEngine.EventSystems.PointerEventData)</Name>
              <FileRef uid="3" />
              <SequencePoints>
                <SequencePoint vc="0" uspid="93" ordinal="0" offset="0" sl="53" sc="0" el="53" ec="0" bec="0" bev="0" fileid="3" />
                <SequencePoint vc="0" uspid="94" ordinal="0" offset="1" sl="55" sc="0" el="55" ec="0" bec="0" bev="0" fileid="3" />
                <SequencePoint vc="0" uspid="95" ordinal="0" offset="31" sl="57" sc="0" el="57" ec="0" bec="0" bev="0" fileid="3" />
                <SequencePoint vc="0" uspid="96" ordinal="0" offset="50" sl="59" sc="0" el="59" ec="0" bec="0" bev="0" fileid="3" />
                <SequencePoint vc="0" uspid="97" ordinal="0" offset="58" sl="61" sc="0" el="61" ec="0" bec="0" bev="0" fileid="3" />
                <SequencePoint vc="0" uspid="98" ordinal="0" offset="66" sl="63" sc="0" el="63" ec="0" bec="0" bev="0" fileid="3" />
                <SequencePoint vc="0" uspid="99" ordinal="0" offset="85" sl="64" sc="0" el="64" ec="0" bec="0" bev="0" fileid="3" />
              </SequencePoints>
              <BranchPoints />
            </Method>
            <Method visited="false" cyclomaticComplexity="0" nPathComplexity="0" sequenceCoverage="0.0" branchCoverage="0" crapScore="0" isConstructor="false" isStatic="false" isGetter="false" isSetter="false">
              <Summary numSequencePoints="10" visitedSequencePoints="0" numBranchPoints="0" visitedBranchPoints="0" sequenceCoverage="0.0" branchCoverage="0" maxCyclomaticComplexity="0" minCyclomaticComplexity="0" maxCrapScore="0" minCrapScore="0" visitedClasses="0" numClasses="0" visitedMethods="0" numMethods="1" />
              <MetadataToken>100663320</MetadataToken>
              <Name>System.Void UIVirtualTouchZone::OnPointerUp(UnityEngine.EventSystems.PointerEventData)</Name>
              <FileRef uid="3" />
              <SequencePoints>
                <SequencePoint vc="0" uspid="100" ordinal="0" offset="0" sl="67" sc="0" el="67" ec="0" bec="0" bev="0" fileid="3" />
                <SequencePoint vc="0" uspid="101" ordinal="0" offset="1" sl="68" sc="0" el="68" ec="0" bec="0" bev="0" fileid="3" />
                <SequencePoint vc="0" uspid="102" ordinal="0" offset="12" sl="69" sc="0" el="69" ec="0" bec="0" bev="0" fileid="3" />
                <SequencePoint vc="0" uspid="103" ordinal="0" offset="23" sl="71" sc="0" el="71" ec="0" bec="0" bev="0" fileid="3" />
                <SequencePoint vc="0" uspid="104" ordinal="0" offset="35" sl="73" sc="0" el="73" ec="0" bec="0" bev="0" fileid="3" />
                <SequencePoint vc="0" uspid="105" ordinal="0" offset="50" sl="74" sc="0" el="74" ec="0" bec="0" bev="0" fileid="3" />
                <SequencePoint vc="0" uspid="106" ordinal="0" offset="51" sl="75" sc="0" el="75" ec="0" bec="0" bev="0" fileid="3" />
                <SequencePoint vc="0" uspid="107" ordinal="0" offset="70" sl="76" sc="0" el="76" ec="0" bec="0" bev="0" fileid="3" />
                <SequencePoint vc="0" uspid="108" ordinal="0" offset="82" sl="77" sc="0" el="77" ec="0" bec="0" bev="0" fileid="3" />
                <SequencePoint vc="0" uspid="109" ordinal="0" offset="83" sl="78" sc="0" el="78" ec="0" bec="0" bev="0" fileid="3" />
              </SequencePoints>
              <BranchPoints />
            </Method>
            <Method visited="false" cyclomaticComplexity="0" nPathComplexity="0" sequenceCoverage="0.0" branchCoverage="0" crapScore="0" isConstructor="false" isStatic="false" isGetter="false" isSetter="false">
              <Summary numSequencePoints="3" visitedSequencePoints="0" numBranchPoints="0" visitedBranchPoints="0" sequenceCoverage="0.0" branchCoverage="0" maxCyclomaticComplexity="0" minCyclomaticComplexity="0" maxCrapScore="0" minCrapScore="0" visitedClasses="0" numClasses="0" visitedMethods="0" numMethods="1" />
              <MetadataToken>100663321</MetadataToken>
              <Name>System.Void UIVirtualTouchZone::OutputPointerEventValue(UnityEngine.Vector2)</Name>
              <FileRef uid="3" />
              <SequencePoints>
                <SequencePoint vc="0" uspid="110" ordinal="0" offset="0" sl="81" sc="0" el="81" ec="0" bec="0" bev="0" fileid="3" />
                <SequencePoint vc="0" uspid="111" ordinal="0" offset="1" sl="82" sc="0" el="82" ec="0" bec="0" bev="0" fileid="3" />
                <SequencePoint vc="0" uspid="112" ordinal="0" offset="14" sl="83" sc="0" el="83" ec="0" bec="0" bev="0" fileid="3" />
              </SequencePoints>
              <BranchPoints />
            </Method>
            <Method visited="false" cyclomaticComplexity="0" nPathComplexity="0" sequenceCoverage="0.0" branchCoverage="0" crapScore="0" isConstructor="false" isStatic="false" isGetter="false" isSetter="false">
              <Summary numSequencePoints="3" visitedSequencePoints="0" numBranchPoints="0" visitedBranchPoints="0" sequenceCoverage="0.0" branchCoverage="0" maxCyclomaticComplexity="0" minCyclomaticComplexity="0" maxCrapScore="0" minCrapScore="0" visitedClasses="0" numClasses="0" visitedMethods="0" numMethods="1" />
              <MetadataToken>100663322</MetadataToken>
              <Name>System.Void UIVirtualTouchZone::UpdateHandleRectPosition(UnityEngine.Vector2)</Name>
              <FileRef uid="3" />
              <SequencePoints>
                <SequencePoint vc="0" uspid="113" ordinal="0" offset="0" sl="86" sc="0" el="86" ec="0" bec="0" bev="0" fileid="3" />
                <SequencePoint vc="0" uspid="114" ordinal="0" offset="1" sl="87" sc="0" el="87" ec="0" bec="0" bev="0" fileid="3" />
                <SequencePoint vc="0" uspid="115" ordinal="0" offset="14" sl="88" sc="0" el="88" ec="0" bec="0" bev="0" fileid="3" />
              </SequencePoints>
              <BranchPoints />
            </Method>
            <Method visited="false" cyclomaticComplexity="0" nPathComplexity="0" sequenceCoverage="0.0" branchCoverage="0" crapScore="0" isConstructor="false" isStatic="false" isGetter="false" isSetter="false">
              <Summary numSequencePoints="3" visitedSequencePoints="0" numBranchPoints="0" visitedBranchPoints="0" sequenceCoverage="0.0" branchCoverage="0" maxCyclomaticComplexity="0" minCyclomaticComplexity="0" maxCrapScore="0" minCrapScore="0" visitedClasses="0" numClasses="0" visitedMethods="0" numMethods="1" />
              <MetadataToken>100663323</MetadataToken>
              <Name>System.Void UIVirtualTouchZone::SetObjectActiveState(UnityEngine.GameObject, System.Boolean)</Name>
              <FileRef uid="3" />
              <SequencePoints>
                <SequencePoint vc="0" uspid="116" ordinal="0" offset="0" sl="91" sc="0" el="91" ec="0" bec="0" bev="0" fileid="3" />
                <SequencePoint vc="0" uspid="117" ordinal="0" offset="1" sl="92" sc="0" el="92" ec="0" bec="0" bev="0" fileid="3" />
                <SequencePoint vc="0" uspid="118" ordinal="0" offset="9" sl="93" sc="0" el="93" ec="0" bec="0" bev="0" fileid="3" />
              </SequencePoints>
              <BranchPoints />
            </Method>
            <Method visited="false" cyclomaticComplexity="0" nPathComplexity="0" sequenceCoverage="0.0" branchCoverage="0" crapScore="0" isConstructor="false" isStatic="false" isGetter="false" isSetter="false">
              <Summary numSequencePoints="3" visitedSequencePoints="0" numBranchPoints="0" visitedBranchPoints="0" sequenceCoverage="0.0" branchCoverage="0" maxCyclomaticComplexity="0" minCyclomaticComplexity="0" maxCrapScore="0" minCrapScore="0" visitedClasses="0" numClasses="0" visitedMethods="0" numMethods="1" />
              <MetadataToken>100663324</MetadataToken>
              <Name>UnityEngine.Vector2 UIVirtualTouchZone::GetDeltaBetweenPositions(UnityEngine.Vector2, UnityEngine.Vector2)</Name>
              <FileRef uid="3" />
              <SequencePoints>
                <SequencePoint vc="0" uspid="119" ordinal="0" offset="0" sl="96" sc="0" el="96" ec="0" bec="0" bev="0" fileid="3" />
                <SequencePoint vc="0" uspid="120" ordinal="0" offset="1" sl="97" sc="0" el="97" ec="0" bec="0" bev="0" fileid="3" />
                <SequencePoint vc="0" uspid="121" ordinal="0" offset="11" sl="98" sc="0" el="98" ec="0" bec="0" bev="0" fileid="3" />
              </SequencePoints>
              <BranchPoints />
            </Method>
            <Method visited="false" cyclomaticComplexity="0" nPathComplexity="0" sequenceCoverage="0.0" branchCoverage="0" crapScore="0" isConstructor="false" isStatic="false" isGetter="false" isSetter="false">
              <Summary numSequencePoints="3" visitedSequencePoints="0" numBranchPoints="0" visitedBranchPoints="0" sequenceCoverage="0.0" branchCoverage="0" maxCyclomaticComplexity="0" minCyclomaticComplexity="0" maxCrapScore="0" minCrapScore="0" visitedClasses="0" numClasses="0" visitedMethods="0" numMethods="1" />
              <MetadataToken>100663325</MetadataToken>
              <Name>UnityEngine.Vector2 UIVirtualTouchZone::ClampValuesToMagnitude(UnityEngine.Vector2)</Name>
              <FileRef uid="3" />
              <SequencePoints>
                <SequencePoint vc="0" uspid="122" ordinal="0" offset="0" sl="101" sc="0" el="101" ec="0" bec="0" bev="0" fileid="3" />
                <SequencePoint vc="0" uspid="123" ordinal="0" offset="1" sl="102" sc="0" el="102" ec="0" bec="0" bev="0" fileid="3" />
                <SequencePoint vc="0" uspid="124" ordinal="0" offset="15" sl="103" sc="0" el="103" ec="0" bec="0" bev="0" fileid="3" />
              </SequencePoints>
              <BranchPoints />
            </Method>
            <Method visited="false" cyclomaticComplexity="0" nPathComplexity="0" sequenceCoverage="0.0" branchCoverage="0" crapScore="0" isConstructor="false" isStatic="false" isGetter="false" isSetter="false">
              <Summary numSequencePoints="11" visitedSequencePoints="0" numBranchPoints="0" visitedBranchPoints="0" sequenceCoverage="0.0" branchCoverage="0" maxCyclomaticComplexity="0" minCyclomaticComplexity="0" maxCrapScore="0" minCrapScore="0" visitedClasses="0" numClasses="0" visitedMethods="0" numMethods="1" />
              <MetadataToken>100663326</MetadataToken>
              <Name>UnityEngine.Vector2 UIVirtualTouchZone::ApplyInversionFilter(UnityEngine.Vector2)</Name>
              <FileRef uid="3" />
              <SequencePoints>
                <SequencePoint vc="0" uspid="125" ordinal="0" offset="0" sl="106" sc="0" el="106" ec="0" bec="0" bev="0" fileid="3" />
                <SequencePoint vc="0" uspid="126" ordinal="0" offset="1" sl="107" sc="0" el="107" ec="0" bec="0" bev="0" fileid="3" />
                <SequencePoint vc="0" uspid="127" ordinal="0" offset="11" sl="108" sc="0" el="108" ec="0" bec="0" bev="0" fileid="3" />
                <SequencePoint vc="0" uspid="128" ordinal="0" offset="12" sl="109" sc="0" el="109" ec="0" bec="0" bev="0" fileid="3" />
                <SequencePoint vc="0" uspid="129" ordinal="0" offset="31" sl="110" sc="0" el="110" ec="0" bec="0" bev="0" fileid="3" />
                <SequencePoint vc="0" uspid="130" ordinal="0" offset="32" sl="112" sc="0" el="112" ec="0" bec="0" bev="0" fileid="3" />
                <SequencePoint vc="0" uspid="131" ordinal="0" offset="42" sl="113" sc="0" el="113" ec="0" bec="0" bev="0" fileid="3" />
                <SequencePoint vc="0" uspid="132" ordinal="0" offset="43" sl="114" sc="0" el="114" ec="0" bec="0" bev="0" fileid="3" />
                <SequencePoint vc="0" uspid="133" ordinal="0" offset="62" sl="115" sc="0" el="115" ec="0" bec="0" bev="0" fileid="3" />
                <SequencePoint vc="0" uspid="134" ordinal="0" offset="63" sl="117" sc="0" el="117" ec="0" bec="0" bev="0" fileid="3" />
                <SequencePoint vc="0" uspid="135" ordinal="0" offset="67" sl="118" sc="0" el="118" ec="0" bec="0" bev="0" fileid="3" />
              </SequencePoints>
              <BranchPoints />
            </Method>
            <Method visited="false" cyclomaticComplexity="0" nPathComplexity="0" sequenceCoverage="0.0" branchCoverage="0" crapScore="0" isConstructor="false" isStatic="false" isGetter="false" isSetter="false">
              <Summary numSequencePoints="3" visitedSequencePoints="0" numBranchPoints="0" visitedBranchPoints="0" sequenceCoverage="0.0" branchCoverage="0" maxCyclomaticComplexity="0" minCyclomaticComplexity="0" maxCrapScore="0" minCrapScore="0" visitedClasses="0" numClasses="0" visitedMethods="0" numMethods="1" />
              <MetadataToken>100663327</MetadataToken>
              <Name>System.Single UIVirtualTouchZone::InvertValue(System.Single)</Name>
              <FileRef uid="3" />
              <SequencePoints>
                <SequencePoint vc="0" uspid="136" ordinal="0" offset="0" sl="121" sc="0" el="121" ec="0" bec="0" bev="0" fileid="3" />
                <SequencePoint vc="0" uspid="137" ordinal="0" offset="1" sl="122" sc="0" el="122" ec="0" bec="0" bev="0" fileid="3" />
                <SequencePoint vc="0" uspid="138" ordinal="0" offset="6" sl="123" sc="0" el="123" ec="0" bec="0" bev="0" fileid="3" />
              </SequencePoints>
              <BranchPoints />
            </Method>
            <Method visited="false" cyclomaticComplexity="0" nPathComplexity="0" sequenceCoverage="0.0" branchCoverage="0" crapScore="0" isConstructor="true" isStatic="false" isGetter="false" isSetter="false">
              <Summary numSequencePoints="1" visitedSequencePoints="0" numBranchPoints="0" visitedBranchPoints="0" sequenceCoverage="0.0" branchCoverage="0" maxCyclomaticComplexity="0" minCyclomaticComplexity="0" maxCrapScore="0" minCrapScore="0" visitedClasses="0" numClasses="0" visitedMethods="0" numMethods="1" />
              <MetadataToken>100663328</MetadataToken>
              <Name>UIVirtualTouchZone::UIVirtualTouchZone()</Name>
              <FileRef uid="3" />
              <SequencePoints>
                <SequencePoint vc="0" uspid="139" ordinal="0" offset="0" sl="16" sc="0" el="16" ec="0" bec="0" bev="0" fileid="3" />
              </SequencePoints>
              <BranchPoints />
            </Method>
          </Methods>
        </Class>
        <Class>
          <Summary numSequencePoints="35" visitedSequencePoints="0" numBranchPoints="0" visitedBranchPoints="0" sequenceCoverage="0.0" branchCoverage="0.0" maxCyclomaticComplexity="0" minCyclomaticComplexity="0" maxCrapScore="0" minCrapScore="0" visitedClasses="0" numClasses="1" visitedMethods="0" numMethods="11" />
          <FullName>StarterAssets.StarterAssetsInputs</FullName>
          <Methods>
            <Method visited="false" cyclomaticComplexity="0" nPathComplexity="0" sequenceCoverage="0.0" branchCoverage="0" crapScore="0" isConstructor="false" isStatic="false" isGetter="false" isSetter="false">
              <Summary numSequencePoints="3" visitedSequencePoints="0" numBranchPoints="0" visitedBranchPoints="0" sequenceCoverage="0.0" branchCoverage="0" maxCyclomaticComplexity="0" minCyclomaticComplexity="0" maxCrapScore="0" minCrapScore="0" visitedClasses="0" numClasses="0" visitedMethods="0" numMethods="1" />
              <MetadataToken>100663329</MetadataToken>
              <Name>System.Void StarterAssets.StarterAssetsInputs::OnMove(UnityEngine.InputSystem.InputValue)</Name>
              <FileRef uid="4" />
              <SequencePoints>
                <SequencePoint vc="0" uspid="140" ordinal="0" offset="0" sl="27" sc="0" el="27" ec="0" bec="0" bev="0" fileid="4" />
                <SequencePoint vc="0" uspid="141" ordinal="0" offset="1" sl="28" sc="0" el="28" ec="0" bec="0" bev="0" fileid="4" />
                <SequencePoint vc="0" uspid="142" ordinal="0" offset="14" sl="29" sc="0" el="29" ec="0" bec="0" bev="0" fileid="4" />
              </SequencePoints>
              <BranchPoints />
            </Method>
            <Method visited="false" cyclomaticComplexity="0" nPathComplexity="0" sequenceCoverage="0.0" branchCoverage="0" crapScore="0" isConstructor="false" isStatic="false" isGetter="false" isSetter="false">
              <Summary numSequencePoints="6" visitedSequencePoints="0" numBranchPoints="0" visitedBranchPoints="0" sequenceCoverage="0.0" branchCoverage="0" maxCyclomaticComplexity="0" minCyclomaticComplexity="0" maxCrapScore="0" minCrapScore="0" visitedClasses="0" numClasses="0" visitedMethods="0" numMethods="1" />
              <MetadataToken>100663330</MetadataToken>
              <Name>System.Void StarterAssets.StarterAssetsInputs::OnLook(UnityEngine.InputSystem.InputValue)</Name>
              <FileRef uid="4" />
              <SequencePoints>
                <SequencePoint vc="0" uspid="143" ordinal="0" offset="0" sl="32" sc="0" el="32" ec="0" bec="0" bev="0" fileid="4" />
                <SequencePoint vc="0" uspid="144" ordinal="0" offset="1" sl="33" sc="0" el="33" ec="0" bec="0" bev="0" fileid="4" />
                <SequencePoint vc="0" uspid="145" ordinal="0" offset="11" sl="34" sc="0" el="34" ec="0" bec="0" bev="0" fileid="4" />
                <SequencePoint vc="0" uspid="146" ordinal="0" offset="12" sl="35" sc="0" el="35" ec="0" bec="0" bev="0" fileid="4" />
                <SequencePoint vc="0" uspid="147" ordinal="0" offset="25" sl="36" sc="0" el="36" ec="0" bec="0" bev="0" fileid="4" />
                <SequencePoint vc="0" uspid="148" ordinal="0" offset="26" sl="37" sc="0" el="37" ec="0" bec="0" bev="0" fileid="4" />
              </SequencePoints>
              <BranchPoints />
            </Method>
            <Method visited="false" cyclomaticComplexity="0" nPathComplexity="0" sequenceCoverage="0.0" branchCoverage="0" crapScore="0" isConstructor="false" isStatic="false" isGetter="false" isSetter="false">
              <Summary numSequencePoints="3" visitedSequencePoints="0" numBranchPoints="0" visitedBranchPoints="0" sequenceCoverage="0.0" branchCoverage="0" maxCyclomaticComplexity="0" minCyclomaticComplexity="0" maxCrapScore="0" minCrapScore="0" visitedClasses="0" numClasses="0" visitedMethods="0" numMethods="1" />
              <MetadataToken>100663331</MetadataToken>
              <Name>System.Void StarterAssets.StarterAssetsInputs::OnJump(UnityEngine.InputSystem.InputValue)</Name>
              <FileRef uid="4" />
              <SequencePoints>
                <SequencePoint vc="0" uspid="149" ordinal="0" offset="0" sl="40" sc="0" el="40" ec="0" bec="0" bev="0" fileid="4" />
                <SequencePoint vc="0" uspid="150" ordinal="0" offset="1" sl="41" sc="0" el="41" ec="0" bec="0" bev="0" fileid="4" />
                <SequencePoint vc="0" uspid="151" ordinal="0" offset="14" sl="42" sc="0" el="42" ec="0" bec="0" bev="0" fileid="4" />
              </SequencePoints>
              <BranchPoints />
            </Method>
            <Method visited="false" cyclomaticComplexity="0" nPathComplexity="0" sequenceCoverage="0.0" branchCoverage="0" crapScore="0" isConstructor="false" isStatic="false" isGetter="false" isSetter="false">
              <Summary numSequencePoints="3" visitedSequencePoints="0" numBranchPoints="0" visitedBranchPoints="0" sequenceCoverage="0.0" branchCoverage="0" maxCyclomaticComplexity="0" minCyclomaticComplexity="0" maxCrapScore="0" minCrapScore="0" visitedClasses="0" numClasses="0" visitedMethods="0" numMethods="1" />
              <MetadataToken>100663332</MetadataToken>
              <Name>System.Void StarterAssets.StarterAssetsInputs::OnSprint(UnityEngine.InputSystem.InputValue)</Name>
              <FileRef uid="4" />
              <SequencePoints>
                <SequencePoint vc="0" uspid="152" ordinal="0" offset="0" sl="45" sc="0" el="45" ec="0" bec="0" bev="0" fileid="4" />
                <SequencePoint vc="0" uspid="153" ordinal="0" offset="1" sl="46" sc="0" el="46" ec="0" bec="0" bev="0" fileid="4" />
                <SequencePoint vc="0" uspid="154" ordinal="0" offset="14" sl="47" sc="0" el="47" ec="0" bec="0" bev="0" fileid="4" />
              </SequencePoints>
              <BranchPoints />
            </Method>
            <Method visited="false" cyclomaticComplexity="0" nPathComplexity="0" sequenceCoverage="0.0" branchCoverage="0" crapScore="0" isConstructor="false" isStatic="false" isGetter="false" isSetter="false">
              <Summary numSequencePoints="3" visitedSequencePoints="0" numBranchPoints="0" visitedBranchPoints="0" sequenceCoverage="0.0" branchCoverage="0" maxCyclomaticComplexity="0" minCyclomaticComplexity="0" maxCrapScore="0" minCrapScore="0" visitedClasses="0" numClasses="0" visitedMethods="0" numMethods="1" />
              <MetadataToken>100663333</MetadataToken>
              <Name>System.Void StarterAssets.StarterAssetsInputs::MoveInput(UnityEngine.Vector2)</Name>
              <FileRef uid="4" />
              <SequencePoints>
                <SequencePoint vc="0" uspid="155" ordinal="0" offset="0" sl="54" sc="0" el="54" ec="0" bec="0" bev="0" fileid="4" />
                <SequencePoint vc="0" uspid="156" ordinal="0" offset="1" sl="55" sc="0" el="55" ec="0" bec="0" bev="0" fileid="4" />
                <SequencePoint vc="0" uspid="157" ordinal="0" offset="8" sl="56" sc="0" el="56" ec="0" bec="0" bev="0" fileid="4" />
              </SequencePoints>
              <BranchPoints />
            </Method>
            <Method visited="false" cyclomaticComplexity="0" nPathComplexity="0" sequenceCoverage="0.0" branchCoverage="0" crapScore="0" isConstructor="false" isStatic="false" isGetter="false" isSetter="false">
              <Summary numSequencePoints="3" visitedSequencePoints="0" numBranchPoints="0" visitedBranchPoints="0" sequenceCoverage="0.0" branchCoverage="0" maxCyclomaticComplexity="0" minCyclomaticComplexity="0" maxCrapScore="0" minCrapScore="0" visitedClasses="0" numClasses="0" visitedMethods="0" numMethods="1" />
              <MetadataToken>100663334</MetadataToken>
              <Name>System.Void StarterAssets.StarterAssetsInputs::LookInput(UnityEngine.Vector2)</Name>
              <FileRef uid="4" />
              <SequencePoints>
                <SequencePoint vc="0" uspid="158" ordinal="0" offset="0" sl="59" sc="0" el="59" ec="0" bec="0" bev="0" fileid="4" />
                <SequencePoint vc="0" uspid="159" ordinal="0" offset="1" sl="60" sc="0" el="60" ec="0" bec="0" bev="0" fileid="4" />
                <SequencePoint vc="0" uspid="160" ordinal="0" offset="8" sl="61" sc="0" el="61" ec="0" bec="0" bev="0" fileid="4" />
              </SequencePoints>
              <BranchPoints />
            </Method>
            <Method visited="false" cyclomaticComplexity="0" nPathComplexity="0" sequenceCoverage="0.0" branchCoverage="0" crapScore="0" isConstructor="false" isStatic="false" isGetter="false" isSetter="false">
              <Summary numSequencePoints="3" visitedSequencePoints="0" numBranchPoints="0" visitedBranchPoints="0" sequenceCoverage="0.0" branchCoverage="0" maxCyclomaticComplexity="0" minCyclomaticComplexity="0" maxCrapScore="0" minCrapScore="0" visitedClasses="0" numClasses="0" visitedMethods="0" numMethods="1" />
              <MetadataToken>100663335</MetadataToken>
              <Name>System.Void StarterAssets.StarterAssetsInputs::JumpInput(System.Boolean)</Name>
              <FileRef uid="4" />
              <SequencePoints>
                <SequencePoint vc="0" uspid="161" ordinal="0" offset="0" sl="64" sc="0" el="64" ec="0" bec="0" bev="0" fileid="4" />
                <SequencePoint vc="0" uspid="162" ordinal="0" offset="1" sl="65" sc="0" el="65" ec="0" bec="0" bev="0" fileid="4" />
                <SequencePoint vc="0" uspid="163" ordinal="0" offset="8" sl="66" sc="0" el="66" ec="0" bec="0" bev="0" fileid="4" />
              </SequencePoints>
              <BranchPoints />
            </Method>
            <Method visited="false" cyclomaticComplexity="0" nPathComplexity="0" sequenceCoverage="0.0" branchCoverage="0" crapScore="0" isConstructor="false" isStatic="false" isGetter="false" isSetter="false">
              <Summary numSequencePoints="3" visitedSequencePoints="0" numBranchPoints="0" visitedBranchPoints="0" sequenceCoverage="0.0" branchCoverage="0" maxCyclomaticComplexity="0" minCyclomaticComplexity="0" maxCrapScore="0" minCrapScore="0" visitedClasses="0" numClasses="0" visitedMethods="0" numMethods="1" />
              <MetadataToken>100663336</MetadataToken>
              <Name>System.Void StarterAssets.StarterAssetsInputs::SprintInput(System.Boolean)</Name>
              <FileRef uid="4" />
              <SequencePoints>
                <SequencePoint vc="0" uspid="164" ordinal="0" offset="0" sl="69" sc="0" el="69" ec="0" bec="0" bev="0" fileid="4" />
                <SequencePoint vc="0" uspid="165" ordinal="0" offset="1" sl="70" sc="0" el="70" ec="0" bec="0" bev="0" fileid="4" />
                <SequencePoint vc="0" uspid="166" ordinal="0" offset="8" sl="71" sc="0" el="71" ec="0" bec="0" bev="0" fileid="4" />
              </SequencePoints>
              <BranchPoints />
            </Method>
            <Method visited="false" cyclomaticComplexity="0" nPathComplexity="0" sequenceCoverage="0.0" branchCoverage="0" crapScore="0" isConstructor="false" isStatic="false" isGetter="false" isSetter="false">
              <Summary numSequencePoints="3" visitedSequencePoints="0" numBranchPoints="0" visitedBranchPoints="0" sequenceCoverage="0.0" branchCoverage="0" maxCyclomaticComplexity="0" minCyclomaticComplexity="0" maxCrapScore="0" minCrapScore="0" visitedClasses="0" numClasses="0" visitedMethods="0" numMethods="1" />
              <MetadataToken>100663337</MetadataToken>
              <Name>System.Void StarterAssets.StarterAssetsInputs::OnApplicationFocus(System.Boolean)</Name>
              <FileRef uid="4" />
              <SequencePoints>
                <SequencePoint vc="0" uspid="167" ordinal="0" offset="0" sl="76" sc="0" el="76" ec="0" bec="0" bev="0" fileid="4" />
                <SequencePoint vc="0" uspid="168" ordinal="0" offset="1" sl="77" sc="0" el="77" ec="0" bec="0" bev="0" fileid="4" />
                <SequencePoint vc="0" uspid="169" ordinal="0" offset="14" sl="78" sc="0" el="78" ec="0" bec="0" bev="0" fileid="4" />
              </SequencePoints>
              <BranchPoints />
            </Method>
            <Method visited="false" cyclomaticComplexity="0" nPathComplexity="0" sequenceCoverage="0.0" branchCoverage="0" crapScore="0" isConstructor="false" isStatic="false" isGetter="false" isSetter="false">
              <Summary numSequencePoints="3" visitedSequencePoints="0" numBranchPoints="0" visitedBranchPoints="0" sequenceCoverage="0.0" branchCoverage="0" maxCyclomaticComplexity="0" minCyclomaticComplexity="0" maxCrapScore="0" minCrapScore="0" visitedClasses="0" numClasses="0" visitedMethods="0" numMethods="1" />
              <MetadataToken>100663338</MetadataToken>
              <Name>System.Void StarterAssets.StarterAssetsInputs::SetCursorState(System.Boolean)</Name>
              <FileRef uid="4" />
              <SequencePoints>
                <SequencePoint vc="0" uspid="170" ordinal="0" offset="0" sl="81" sc="0" el="81" ec="0" bec="0" bev="0" fileid="4" />
                <SequencePoint vc="0" uspid="171" ordinal="0" offset="1" sl="82" sc="0" el="82" ec="0" bec="0" bev="0" fileid="4" />
                <SequencePoint vc="0" uspid="172" ordinal="0" offset="14" sl="83" sc="0" el="83" ec="0" bec="0" bev="0" fileid="4" />
              </SequencePoints>
              <BranchPoints />
            </Method>
            <Method visited="false" cyclomaticComplexity="0" nPathComplexity="0" sequenceCoverage="0.0" branchCoverage="0" crapScore="0" isConstructor="true" isStatic="false" isGetter="false" isSetter="false">
              <Summary numSequencePoints="2" visitedSequencePoints="0" numBranchPoints="0" visitedBranchPoints="0" sequenceCoverage="0.0" branchCoverage="0" maxCyclomaticComplexity="0" minCyclomaticComplexity="0" maxCrapScore="0" minCrapScore="0" visitedClasses="0" numClasses="0" visitedMethods="0" numMethods="1" />
              <MetadataToken>100663339</MetadataToken>
              <Name>StarterAssets.StarterAssetsInputs::StarterAssetsInputs()</Name>
              <FileRef uid="4" />
              <SequencePoints>
                <SequencePoint vc="0" uspid="173" ordinal="0" offset="0" sl="21" sc="0" el="21" ec="0" bec="0" bev="0" fileid="4" />
                <SequencePoint vc="0" uspid="174" ordinal="0" offset="7" sl="22" sc="0" el="22" ec="0" bec="0" bev="0" fileid="4" />
              </SequencePoints>
              <BranchPoints />
            </Method>
          </Methods>
        </Class>
        <Class>
          <Summary numSequencePoints="12" visitedSequencePoints="0" numBranchPoints="0" visitedBranchPoints="0" sequenceCoverage="0.0" branchCoverage="0.0" maxCyclomaticComplexity="0" minCyclomaticComplexity="0" maxCrapScore="0" minCrapScore="0" visitedClasses="0" numClasses="1" visitedMethods="0" numMethods="4" />
          <FullName>StarterAssets.UICanvasControllerInput</FullName>
          <Methods>
            <Method visited="false" cyclomaticComplexity="0" nPathComplexity="0" sequenceCoverage="0.0" branchCoverage="0" crapScore="0" isConstructor="false" isStatic="false" isGetter="false" isSetter="false">
              <Summary numSequencePoints="3" visitedSequencePoints="0" numBranchPoints="0" visitedBranchPoints="0" sequenceCoverage="0.0" branchCoverage="0" maxCyclomaticComplexity="0" minCyclomaticComplexity="0" maxCrapScore="0" minCrapScore="0" visitedClasses="0" numClasses="0" visitedMethods="0" numMethods="1" />
              <MetadataToken>100663340</MetadataToken>
              <Name>System.Void StarterAssets.UICanvasControllerInput::VirtualMoveInput(UnityEngine.Vector2)</Name>
              <FileRef uid="5" />
              <SequencePoints>
                <SequencePoint vc="0" uspid="175" ordinal="0" offset="0" sl="12" sc="0" el="12" ec="0" bec="0" bev="0" fileid="5" />
                <SequencePoint vc="0" uspid="176" ordinal="0" offset="1" sl="13" sc="0" el="13" ec="0" bec="0" bev="0" fileid="5" />
                <SequencePoint vc="0" uspid="177" ordinal="0" offset="14" sl="14" sc="0" el="14" ec="0" bec="0" bev="0" fileid="5" />
              </SequencePoints>
              <BranchPoints />
            </Method>
            <Method visited="false" cyclomaticComplexity="0" nPathComplexity="0" sequenceCoverage="0.0" branchCoverage="0" crapScore="0" isConstructor="false" isStatic="false" isGetter="false" isSetter="false">
              <Summary numSequencePoints="3" visitedSequencePoints="0" numBranchPoints="0" visitedBranchPoints="0" sequenceCoverage="0.0" branchCoverage="0" maxCyclomaticComplexity="0" minCyclomaticComplexity="0" maxCrapScore="0" minCrapScore="0" visitedClasses="0" numClasses="0" visitedMethods="0" numMethods="1" />
              <MetadataToken>100663341</MetadataToken>
              <Name>System.Void StarterAssets.UICanvasControllerInput::VirtualLookInput(UnityEngine.Vector2)</Name>
              <FileRef uid="5" />
              <SequencePoints>
                <SequencePoint vc="0" uspid="178" ordinal="0" offset="0" sl="17" sc="0" el="17" ec="0" bec="0" bev="0" fileid="5" />
                <SequencePoint vc="0" uspid="179" ordinal="0" offset="1" sl="18" sc="0" el="18" ec="0" bec="0" bev="0" fileid="5" />
                <SequencePoint vc="0" uspid="180" ordinal="0" offset="14" sl="19" sc="0" el="19" ec="0" bec="0" bev="0" fileid="5" />
              </SequencePoints>
              <BranchPoints />
            </Method>
            <Method visited="false" cyclomaticComplexity="0" nPathComplexity="0" sequenceCoverage="0.0" branchCoverage="0" crapScore="0" isConstructor="false" isStatic="false" isGetter="false" isSetter="false">
              <Summary numSequencePoints="3" visitedSequencePoints="0" numBranchPoints="0" visitedBranchPoints="0" sequenceCoverage="0.0" branchCoverage="0" maxCyclomaticComplexity="0" minCyclomaticComplexity="0" maxCrapScore="0" minCrapScore="0" visitedClasses="0" numClasses="0" visitedMethods="0" numMethods="1" />
              <MetadataToken>100663342</MetadataToken>
              <Name>System.Void StarterAssets.UICanvasControllerInput::VirtualJumpInput(System.Boolean)</Name>
              <FileRef uid="5" />
              <SequencePoints>
                <SequencePoint vc="0" uspid="181" ordinal="0" offset="0" sl="22" sc="0" el="22" ec="0" bec="0" bev="0" fileid="5" />
                <SequencePoint vc="0" uspid="182" ordinal="0" offset="1" sl="23" sc="0" el="23" ec="0" bec="0" bev="0" fileid="5" />
                <SequencePoint vc="0" uspid="183" ordinal="0" offset="14" sl="24" sc="0" el="24" ec="0" bec="0" bev="0" fileid="5" />
              </SequencePoints>
              <BranchPoints />
            </Method>
            <Method visited="false" cyclomaticComplexity="0" nPathComplexity="0" sequenceCoverage="0.0" branchCoverage="0" crapScore="0" isConstructor="false" isStatic="false" isGetter="false" isSetter="false">
              <Summary numSequencePoints="3" visitedSequencePoints="0" numBranchPoints="0" visitedBranchPoints="0" sequenceCoverage="0.0" branchCoverage="0" maxCyclomaticComplexity="0" minCyclomaticComplexity="0" maxCrapScore="0" minCrapScore="0" visitedClasses="0" numClasses="0" visitedMethods="0" numMethods="1" />
              <MetadataToken>100663343</MetadataToken>
              <Name>System.Void StarterAssets.UICanvasControllerInput::VirtualSprintInput(System.Boolean)</Name>
              <FileRef uid="5" />
              <SequencePoints>
                <SequencePoint vc="0" uspid="184" ordinal="0" offset="0" sl="27" sc="0" el="27" ec="0" bec="0" bev="0" fileid="5" />
                <SequencePoint vc="0" uspid="185" ordinal="0" offset="1" sl="28" sc="0" el="28" ec="0" bec="0" bev="0" fileid="5" />
                <SequencePoint vc="0" uspid="186" ordinal="0" offset="14" sl="29" sc="0" el="29" ec="0" bec="0" bev="0" fileid="5" />
              </SequencePoints>
              <BranchPoints />
            </Method>
          </Methods>
        </Class>
      </Classes>
    </Module>
    <Module>
      <Summary numSequencePoints="127" visitedSequencePoints="0" numBranchPoints="0" visitedBranchPoints="0" sequenceCoverage="0.0" branchCoverage="0.0" maxCyclomaticComplexity="0" minCyclomaticComplexity="0" maxCrapScore="0" minCrapScore="0" visitedClasses="0" numClasses="8" visitedMethods="0" numMethods="22" />
      <ModuleTime>0001-01-01T00:00:00</ModuleTime>
      <ModuleName>Assembly-CSharp-Editor</ModuleName>
      <Files>
        <File uid="6" fullPath="C:/Users/Wicke/OneDrive/Documents/Unity Onboarding Experience/OnboardingExperience/Assets/Resources/Scripts/Editor/PopUps/Hierarchy/CreatingShapesPopUp.cs" />
        <File uid="7" fullPath="C:/Users/Wicke/OneDrive/Documents/Unity Onboarding Experience/OnboardingExperience/Assets/Resources/Scripts/Editor/PopUps/Hierarchy/HierarchyPopUp.cs" />
        <File uid="8" fullPath="C:/Users/Wicke/OneDrive/Documents/Unity Onboarding Experience/OnboardingExperience/Assets/Resources/Scripts/Editor/PopUps/Hierarchy/ObjectCreatedPopUp.cs" />
        <File uid="9" fullPath="C:/Users/Wicke/OneDrive/Documents/Unity Onboarding Experience/OnboardingExperience/Assets/Resources/Scripts/Editor/PopUps/Hierarchy/ParentingPopUp.cs" />
        <File uid="10" fullPath="C:/Users/Wicke/OneDrive/Documents/Unity Onboarding Experience/OnboardingExperience/Assets/Resources/Scripts/Editor/PopUps/PopUp.cs" />
        <File uid="11" fullPath="C:/Users/Wicke/OneDrive/Documents/Unity Onboarding Experience/OnboardingExperience/Assets/Resources/Scripts/Editor/PopUps/ScriptableObjects/PopUpTemplate.cs" />
        <File uid="12" fullPath="C:/Users/Wicke/OneDrive/Documents/Unity Onboarding Experience/OnboardingExperience/Assets/Resources/Scripts/Editor/PopUps/ScriptableObjects/PositionExample.cs" />
        <File uid="13" fullPath="C:/Users/Wicke/OneDrive/Documents/Unity Onboarding Experience/OnboardingExperience/Assets/Resources/Scripts/Editor/PopUps/TutorialStart.cs" />
      </Files>
      <Classes>
        <Class>
          <Summary numSequencePoints="6" visitedSequencePoints="0" numBranchPoints="0" visitedBranchPoints="0" sequenceCoverage="0.0" branchCoverage="0.0" maxCyclomaticComplexity="0" minCyclomaticComplexity="0" maxCrapScore="0" minCrapScore="0" visitedClasses="0" numClasses="1" visitedMethods="0" numMethods="1" />
          <FullName>CreatingShapesPopUp</FullName>
          <Methods>
            <Method visited="false" cyclomaticComplexity="0" nPathComplexity="0" sequenceCoverage="0.0" branchCoverage="0" crapScore="0" isConstructor="false" isStatic="false" isGetter="false" isSetter="false">
              <Summary numSequencePoints="6" visitedSequencePoints="0" numBranchPoints="0" visitedBranchPoints="0" sequenceCoverage="0.0" branchCoverage="0" maxCyclomaticComplexity="0" minCyclomaticComplexity="0" maxCrapScore="0" minCrapScore="0" visitedClasses="0" numClasses="0" visitedMethods="0" numMethods="1" />
              <MetadataToken>100663297</MetadataToken>
              <Name>System.Void CreatingShapesPopUp::Update()</Name>
              <FileRef uid="6" />
              <SequencePoints>
                <SequencePoint vc="0" uspid="187" ordinal="0" offset="0" sl="8" sc="0" el="8" ec="0" bec="0" bev="0" fileid="6" />
                <SequencePoint vc="0" uspid="188" ordinal="0" offset="1" sl="9" sc="0" el="9" ec="0" bec="0" bev="0" fileid="6" />
                <SequencePoint vc="0" uspid="189" ordinal="0" offset="20" sl="10" sc="0" el="10" ec="0" bec="0" bev="0" fileid="6" />
                <SequencePoint vc="0" uspid="190" ordinal="0" offset="21" sl="11" sc="0" el="11" ec="0" bec="0" bev="0" fileid="6" />
                <SequencePoint vc="0" uspid="191" ordinal="0" offset="28" sl="12" sc="0" el="12" ec="0" bec="0" bev="0" fileid="6" />
                <SequencePoint vc="0" uspid="192" ordinal="0" offset="29" sl="13" sc="0" el="13" ec="0" bec="0" bev="0" fileid="6" />
              </SequencePoints>
              <BranchPoints />
            </Method>
          </Methods>
        </Class>
        <Class>
          <Summary numSequencePoints="13" visitedSequencePoints="0" numBranchPoints="0" visitedBranchPoints="0" sequenceCoverage="0.0" branchCoverage="0.0" maxCyclomaticComplexity="0" minCyclomaticComplexity="0" maxCrapScore="0" minCrapScore="0" visitedClasses="0" numClasses="1" visitedMethods="0" numMethods="3" />
          <FullName>HierarchyPopUp</FullName>
          <Methods>
            <Method visited="false" cyclomaticComplexity="0" nPathComplexity="0" sequenceCoverage="0.0" branchCoverage="0" crapScore="0" isConstructor="false" isStatic="false" isGetter="false" isSetter="false">
              <Summary numSequencePoints="3" visitedSequencePoints="0" numBranchPoints="0" visitedBranchPoints="0" sequenceCoverage="0.0" branchCoverage="0" maxCyclomaticComplexity="0" minCyclomaticComplexity="0" maxCrapScore="0" minCrapScore="0" visitedClasses="0" numClasses="0" visitedMethods="0" numMethods="1" />
              <MetadataToken>100663299</MetadataToken>
              <Name>System.Void HierarchyPopUp::InitializePopup()</Name>
              <FileRef uid="7" />
              <SequencePoints>
                <SequencePoint vc="0" uspid="193" ordinal="0" offset="0" sl="16" sc="0" el="16" ec="0" bec="0" bev="0" fileid="7" />
                <SequencePoint vc="0" uspid="194" ordinal="0" offset="1" sl="17" sc="0" el="17" ec="0" bec="0" bev="0" fileid="7" />
                <SequencePoint vc="0" uspid="195" ordinal="0" offset="8" sl="19" sc="0" el="19" ec="0" bec="0" bev="0" fileid="7" />
              </SequencePoints>
              <BranchPoints />
            </Method>
            <Method visited="false" cyclomaticComplexity="0" nPathComplexity="0" sequenceCoverage="0.0" branchCoverage="0" crapScore="0" isConstructor="false" isStatic="false" isGetter="false" isSetter="false">
              <Summary numSequencePoints="7" visitedSequencePoints="0" numBranchPoints="0" visitedBranchPoints="0" sequenceCoverage="0.0" branchCoverage="0" maxCyclomaticComplexity="0" minCyclomaticComplexity="0" maxCrapScore="0" minCrapScore="0" visitedClasses="0" numClasses="0" visitedMethods="0" numMethods="1" />
              <MetadataToken>100663300</MetadataToken>
              <Name>System.Void HierarchyPopUp::Update()</Name>
              <FileRef uid="7" />
              <SequencePoints>
                <SequencePoint vc="0" uspid="196" ordinal="0" offset="0" sl="22" sc="0" el="22" ec="0" bec="0" bev="0" fileid="7" />
                <SequencePoint vc="0" uspid="197" ordinal="0" offset="1" sl="23" sc="0" el="23" ec="0" bec="0" bev="0" fileid="7" />
                <SequencePoint vc="0" uspid="198" ordinal="0" offset="20" sl="24" sc="0" el="24" ec="0" bec="0" bev="0" fileid="7" />
                <SequencePoint vc="0" uspid="199" ordinal="0" offset="21" sl="25" sc="0" el="25" ec="0" bec="0" bev="0" fileid="7" />
                <SequencePoint vc="0" uspid="200" ordinal="0" offset="37" sl="26" sc="0" el="26" ec="0" bec="0" bev="0" fileid="7" />
                <SequencePoint vc="0" uspid="201" ordinal="0" offset="44" sl="27" sc="0" el="27" ec="0" bec="0" bev="0" fileid="7" />
                <SequencePoint vc="0" uspid="202" ordinal="0" offset="45" sl="28" sc="0" el="28" ec="0" bec="0" bev="0" fileid="7" />
              </SequencePoints>
              <BranchPoints />
            </Method>
            <Method visited="false" cyclomaticComplexity="0" nPathComplexity="0" sequenceCoverage="0.0" branchCoverage="0" crapScore="0" isConstructor="true" isStatic="false" isGetter="false" isSetter="false">
              <Summary numSequencePoints="3" visitedSequencePoints="0" numBranchPoints="0" visitedBranchPoints="0" sequenceCoverage="0.0" branchCoverage="0" maxCyclomaticComplexity="0" minCyclomaticComplexity="0" maxCrapScore="0" minCrapScore="0" visitedClasses="0" numClasses="0" visitedMethods="0" numMethods="1" />
              <MetadataToken>100663301</MetadataToken>
              <Name>HierarchyPopUp::HierarchyPopUp()</Name>
              <FileRef uid="7" />
              <SequencePoints>
                <SequencePoint vc="0" uspid="203" ordinal="0" offset="0" sl="10" sc="0" el="10" ec="0" bec="0" bev="0" fileid="7" />
                <SequencePoint vc="0" uspid="204" ordinal="0" offset="11" sl="11" sc="0" el="11" ec="0" bec="0" bev="0" fileid="7" />
                <SequencePoint vc="0" uspid="205" ordinal="0" offset="18" sl="12" sc="0" el="12" ec="0" bec="0" bev="0" fileid="7" />
              </SequencePoints>
              <BranchPoints />
            </Method>
          </Methods>
        </Class>
        <Class>
          <Summary numSequencePoints="15" visitedSequencePoints="0" numBranchPoints="0" visitedBranchPoints="0" sequenceCoverage="0.0" branchCoverage="0.0" maxCyclomaticComplexity="0" minCyclomaticComplexity="0" maxCrapScore="0" minCrapScore="0" visitedClasses="0" numClasses="1" visitedMethods="0" numMethods="3" />
          <FullName>ObjectCreatedPopUp</FullName>
          <Methods>
            <Method visited="false" cyclomaticComplexity="0" nPathComplexity="0" sequenceCoverage="0.0" branchCoverage="0" crapScore="0" isConstructor="false" isStatic="false" isGetter="false" isSetter="false">
              <Summary numSequencePoints="4" visitedSequencePoints="0" numBranchPoints="0" visitedBranchPoints="0" sequenceCoverage="0.0" branchCoverage="0" maxCyclomaticComplexity="0" minCyclomaticComplexity="0" maxCrapScore="0" minCrapScore="0" visitedClasses="0" numClasses="0" visitedMethods="0" numMethods="1" />
              <MetadataToken>100663303</MetadataToken>
              <Name>System.Void ObjectCreatedPopUp::OnGUI()</Name>
              <FileRef uid="8" />
              <SequencePoints>
                <SequencePoint vc="0" uspid="206" ordinal="0" offset="0" sl="11" sc="0" el="11" ec="0" bec="0" bev="0" fileid="8" />
                <SequencePoint vc="0" uspid="207" ordinal="0" offset="1" sl="12" sc="0" el="12" ec="0" bec="0" bev="0" fileid="8" />
                <SequencePoint vc="0" uspid="208" ordinal="0" offset="17" sl="13" sc="0" el="13" ec="0" bec="0" bev="0" fileid="8" />
                <SequencePoint vc="0" uspid="209" ordinal="0" offset="24" sl="14" sc="0" el="14" ec="0" bec="0" bev="0" fileid="8" />
              </SequencePoints>
              <BranchPoints />
            </Method>
            <Method visited="false" cyclomaticComplexity="0" nPathComplexity="0" sequenceCoverage="0.0" branchCoverage="0" crapScore="0" isConstructor="false" isStatic="false" isGetter="false" isSetter="false">
              <Summary numSequencePoints="6" visitedSequencePoints="0" numBranchPoints="0" visitedBranchPoints="0" sequenceCoverage="0.0" branchCoverage="0" maxCyclomaticComplexity="0" minCyclomaticComplexity="0" maxCrapScore="0" minCrapScore="0" visitedClasses="0" numClasses="0" visitedMethods="0" numMethods="1" />
              <MetadataToken>100663304</MetadataToken>
              <Name>System.Void ObjectCreatedPopUp::Update()</Name>
              <FileRef uid="8" />
              <SequencePoints>
                <SequencePoint vc="0" uspid="210" ordinal="0" offset="0" sl="28" sc="0" el="28" ec="0" bec="0" bev="0" fileid="8" />
                <SequencePoint vc="0" uspid="211" ordinal="0" offset="1" sl="29" sc="0" el="29" ec="0" bec="0" bev="0" fileid="8" />
                <SequencePoint vc="0" uspid="212" ordinal="0" offset="26" sl="30" sc="0" el="30" ec="0" bec="0" bev="0" fileid="8" />
                <SequencePoint vc="0" uspid="213" ordinal="0" offset="27" sl="31" sc="0" el="31" ec="0" bec="0" bev="0" fileid="8" />
                <SequencePoint vc="0" uspid="214" ordinal="0" offset="34" sl="32" sc="0" el="32" ec="0" bec="0" bev="0" fileid="8" />
                <SequencePoint vc="0" uspid="215" ordinal="0" offset="35" sl="33" sc="0" el="33" ec="0" bec="0" bev="0" fileid="8" />
              </SequencePoints>
              <BranchPoints />
            </Method>
            <Method visited="false" cyclomaticComplexity="0" nPathComplexity="0" sequenceCoverage="0.0" branchCoverage="0" crapScore="0" isConstructor="false" isStatic="false" isGetter="false" isSetter="false">
              <Summary numSequencePoints="5" visitedSequencePoints="0" numBranchPoints="0" visitedBranchPoints="0" sequenceCoverage="0.0" branchCoverage="0" maxCyclomaticComplexity="0" minCyclomaticComplexity="0" maxCrapScore="0" minCrapScore="0" visitedClasses="0" numClasses="0" visitedMethods="0" numMethods="1" />
              <MetadataToken>100663305</MetadataToken>
              <Name>System.Void ObjectCreatedPopUp::NextWindow()</Name>
              <FileRef uid="8" />
              <SequencePoints>
                <SequencePoint vc="0" uspid="216" ordinal="0" offset="0" sl="36" sc="0" el="36" ec="0" bec="0" bev="0" fileid="8" />
                <SequencePoint vc="0" uspid="217" ordinal="0" offset="1" sl="37" sc="0" el="37" ec="0" bec="0" bev="0" fileid="8" />
                <SequencePoint vc="0" uspid="218" ordinal="0" offset="8" sl="38" sc="0" el="38" ec="0" bec="0" bev="0" fileid="8" />
                <SequencePoint vc="0" uspid="219" ordinal="0" offset="40" sl="39" sc="0" el="39" ec="0" bec="0" bev="0" fileid="8" />
                <SequencePoint vc="0" uspid="220" ordinal="0" offset="47" sl="40" sc="0" el="40" ec="0" bec="0" bev="0" fileid="8" />
              </SequencePoints>
              <BranchPoints />
            </Method>
          </Methods>
        </Class>
        <Class>
[...]
              <MetadataToken>100663311</MetadataToken>
              <Name>System.Void PopUp::SetUpLayout()</Name>
              <FileRef uid="10" />
              <SequencePoints>
                <SequencePoint vc="0" uspid="244" ordinal="0" offset="0" sl="41" sc="0" el="41" ec="0" bec="0" bev="0" fileid="10" />
                <SequencePoint vc="0" uspid="245" ordinal="0" offset="1" sl="42" sc="0" el="42" ec="0" bec="0" bev="0" fileid="10" />
                <SequencePoint vc="0" uspid="246" ordinal="0" offset="12" sl="43" sc="0" el="43" ec="0" bec="0" bev="0" fileid="10" />
                <SequencePoint vc="0" uspid="247" ordinal="0" offset="34" sl="44" sc="0" el="44" ec="0" bec="0" bev="0" fileid="10" />
                <SequencePoint vc="0" uspid="248" ordinal="0" offset="51" sl="45" sc="0" el="45" ec="0" bec="0" bev="0" fileid="10" />
                <SequencePoint vc="0" uspid="249" ordinal="0" offset="62" sl="46" sc="0" el="46" ec="0" bec="0" bev="0" fileid="10" />
                <SequencePoint vc="0" uspid="250" ordinal="0" offset="72" sl="47" sc="0" el="47" ec="0" bec="0" bev="0" fileid="10" />
                <SequencePoint vc="0" uspid="251" ordinal="0" offset="73" sl="48" sc="0" el="48" ec="0" bec="0" bev="0" fileid="10" />
                <SequencePoint vc="0" uspid="252" ordinal="0" offset="92" sl="49" sc="0" el="49" ec="0" bec="0" bev="0" fileid="10" />
                <SequencePoint vc="0" uspid="253" ordinal="0" offset="93" sl="50" sc="0" el="50" ec="0" bec="0" bev="0" fileid="10" />
                <SequencePoint vc="0" uspid="254" ordinal="0" offset="100" sl="51" sc="0" el="51" ec="0" bec="0" bev="0" fileid="10" />
                <SequencePoint vc="0" uspid="255" ordinal="0" offset="101" sl="54" sc="0" el="54" ec="0" bec="0" bev="0" fileid="10" />
                <SequencePoint vc="0" uspid="256" ordinal="0" offset="120" sl="55" sc="0" el="55" ec="0" bec="0" bev="0" fileid="10" />
                <SequencePoint vc="0" uspid="257" ordinal="0" offset="121" sl="56" sc="0" el="56" ec="0" bec="0" bev="0" fileid="10" />
                <SequencePoint vc="0" uspid="258" ordinal="0" offset="128" sl="57" sc="0" el="57" ec="0" bec="0" bev="0" fileid="10" />
                <SequencePoint vc="0" uspid="259" ordinal="0" offset="129" sl="58" sc="0" el="58" ec="0" bec="0" bev="0" fileid="10" />
                <SequencePoint vc="0" uspid="260" ordinal="0" offset="135" sl="59" sc="0" el="59" ec="0" bec="0" bev="0" fileid="10" />
                <SequencePoint vc="0" uspid="261" ordinal="0" offset="136" sl="60" sc="0" el="60" ec="0" bec="0" bev="0" fileid="10" />
              </SequencePoints>
              <BranchPoints />
            </Method>
            <Method visited="false" cyclomaticComplexity="0" nPathComplexity="0" sequenceCoverage="0.0" branchCoverage="0" crapScore="0" isConstructor="false" isStatic="false" isGetter="false" isSetter="false">
              <Summary numSequencePoints="3" visitedSequencePoints="0" numBranchPoints="0" visitedBranchPoints="0" sequenceCoverage="0.0" branchCoverage="0" maxCyclomaticComplexity="0" minCyclomaticComplexity="0" maxCrapScore="0" minCrapScore="0" visitedClasses="0" numClasses="0" visitedMethods="0" numMethods="1" />
              <MetadataToken>100663312</MetadataToken>
              <Name>System.Void PopUp::SetPath(System.String)</Name>
              <FileRef uid="10" />
              <SequencePoints>
                <SequencePoint vc="0" uspid="262" ordinal="0" offset="0" sl="63" sc="0" el="63" ec="0" bec="0" bev="0" fileid="10" />
                <SequencePoint vc="0" uspid="263" ordinal="0" offset="1" sl="64" sc="0" el="64" ec="0" bec="0" bev="0" fileid="10" />
                <SequencePoint vc="0" uspid="264" ordinal="0" offset="8" sl="65" sc="0" el="65" ec="0" bec="0" bev="0" fileid="10" />
              </SequencePoints>
              <BranchPoints />
            </Method>
            <Method visited="false" cyclomaticComplexity="0" nPathComplexity="0" sequenceCoverage="0.0" branchCoverage="0" crapScore="0" isConstructor="false" isStatic="false" isGetter="false" isSetter="false">
              <Summary numSequencePoints="13" visitedSequencePoints="0" numBranchPoints="0" visitedBranchPoints="0" sequenceCoverage="0.0" branchCoverage="0" maxCyclomaticComplexity="0" minCyclomaticComplexity="0" maxCrapScore="0" minCrapScore="0" visitedClasses="0" numClasses="0" visitedMethods="0" numMethods="1" />
              <MetadataToken>100663313</MetadataToken>
              <Name>System.Void PopUp::NextWindow()</Name>
              <FileRef uid="10" />
              <SequencePoints>
                <SequencePoint vc="0" uspid="265" ordinal="0" offset="0" sl="67" sc="0" el="67" ec="0" bec="0" bev="0" fileid="10" />
                <SequencePoint vc="0" uspid="266" ordinal="0" offset="1" sl="69" sc="0" el="69" ec="0" bec="0" bev="0" fileid="10" />
                <SequencePoint vc="0" uspid="267" ordinal="0" offset="14" sl="70" sc="0" el="70" ec="0" bec="0" bev="0" fileid="10" />
                <SequencePoint vc="0" uspid="268" ordinal="0" offset="15" sl="71" sc="0" el="71" ec="0" bec="0" bev="0" fileid="10" />
                <SequencePoint vc="0" uspid="269" ordinal="0" offset="37" sl="72" sc="0" el="72" ec="0" bec="0" bev="0" fileid="10" />
                <SequencePoint vc="0" uspid="270" ordinal="0" offset="54" sl="74" sc="0" el="74" ec="0" bec="0" bev="0" fileid="10" />
                <SequencePoint vc="0" uspid="271" ordinal="0" offset="57" sl="75" sc="0" el="75" ec="0" bec="0" bev="0" fileid="10" />
                <SequencePoint vc="0" uspid="272" ordinal="0" offset="58" sl="76" sc="0" el="76" ec="0" bec="0" bev="0" fileid="10" />
                <SequencePoint vc="0" uspid="273" ordinal="0" offset="75" sl="77" sc="0" el="77" ec="0" bec="0" bev="0" fileid="10" />
                <SequencePoint vc="0" uspid="274" ordinal="0" offset="76" sl="79" sc="0" el="79" ec="0" bec="0" bev="0" fileid="10" />
                <SequencePoint vc="0" uspid="275" ordinal="0" offset="83" sl="80" sc="0" el="80" ec="0" bec="0" bev="0" fileid="10" />
                <SequencePoint vc="0" uspid="276" ordinal="0" offset="90" sl="81" sc="0" el="81" ec="0" bec="0" bev="0" fileid="10" />
                <SequencePoint vc="0" uspid="277" ordinal="0" offset="97" sl="82" sc="0" el="82" ec="0" bec="0" bev="0" fileid="10" />
              </SequencePoints>
              <BranchPoints />
            </Method>
            <Method visited="false" cyclomaticComplexity="0" nPathComplexity="0" sequenceCoverage="0.0" branchCoverage="0" crapScore="0" isConstructor="true" isStatic="false" isGetter="false" isSetter="false">
              <Summary numSequencePoints="1" visitedSequencePoints="0" numBranchPoints="0" visitedBranchPoints="0" sequenceCoverage="0.0" branchCoverage="0" maxCyclomaticComplexity="0" minCyclomaticComplexity="0" maxCrapScore="0" minCrapScore="0" visitedClasses="0" numClasses="0" visitedMethods="0" numMethods="1" />
              <MetadataToken>100663314</MetadataToken>
              <Name>PopUp::PopUp()</Name>
              <FileRef uid="10" />
              <SequencePoints>
                <SequencePoint vc="0" uspid="278" ordinal="0" offset="0" sl="14" sc="0" el="14" ec="0" bec="0" bev="0" fileid="10" />
              </SequencePoints>
              <BranchPoints />
            </Method>
          </Methods>
        </Class>
        <Class>
          <Summary numSequencePoints="1" visitedSequencePoints="0" numBranchPoints="0" visitedBranchPoints="0" sequenceCoverage="0.0" branchCoverage="0.0" maxCyclomaticComplexity="0" minCyclomaticComplexity="0" maxCrapScore="0" minCrapScore="0" visitedClasses="0" numClasses="1" visitedMethods="0" numMethods="1" />
          <FullName>PopUpTemplate</FullName>
          <Methods>
            <Method visited="false" cyclomaticComplexity="0" nPathComplexity="0" sequenceCoverage="0.0" branchCoverage="0" crapScore="0" isConstructor="true" isStatic="false" isGetter="false" isSetter="false">
              <Summary numSequencePoints="1" visitedSequencePoints="0" numBranchPoints="0" visitedBranchPoints="0" sequenceCoverage="0.0" branchCoverage="0" maxCyclomaticComplexity="0" minCyclomaticComplexity="0" maxCrapScore="0" minCrapScore="0" visitedClasses="0" numClasses="0" visitedMethods="0" numMethods="1" />
              <MetadataToken>100663315</MetadataToken>
              <Name>PopUpTemplate::PopUpTemplate()</Name>
              <FileRef uid="11" />
              <SequencePoints>
                <SequencePoint vc="0" uspid="279" ordinal="0" offset="0" sl="22" sc="0" el="22" ec="0" bec="0" bev="0" fileid="11" />
              </SequencePoints>
              <BranchPoints />
            </Method>
          </Methods>
        </Class>
        <Class>
          <Summary numSequencePoints="18" visitedSequencePoints="0" numBranchPoints="0" visitedBranchPoints="0" sequenceCoverage="0.0" branchCoverage="0.0" maxCyclomaticComplexity="0" minCyclomaticComplexity="0" maxCrapScore="0" minCrapScore="0" visitedClasses="0" numClasses="1" visitedMethods="0" numMethods="3" />
          <FullName>PositionExample</FullName>
          <Methods>
            <Method visited="false" cyclomaticComplexity="0" nPathComplexity="0" sequenceCoverage="0.0" branchCoverage="0" crapScore="0" isConstructor="false" isStatic="true" isGetter="false" isSetter="false">
              <Summary numSequencePoints="3" visitedSequencePoints="0" numBranchPoints="0" visitedBranchPoints="0" sequenceCoverage="0.0" branchCoverage="0" maxCyclomaticComplexity="0" minCyclomaticComplexity="0" maxCrapScore="0" minCrapScore="0" visitedClasses="0" numClasses="0" visitedMethods="0" numMethods="1" />
              <MetadataToken>100663316</MetadataToken>
              <Name>static System.Void PositionExample::Init()</Name>
              <FileRef uid="12" />
              <SequencePoints>
                <SequencePoint vc="0" uspid="280" ordinal="0" offset="0" sl="11" sc="0" el="11" ec="0" bec="0" bev="0" fileid="12" />
                <SequencePoint vc="0" uspid="281" ordinal="0" offset="1" sl="12" sc="0" el="12" ec="0" bec="0" bev="0" fileid="12" />
                <SequencePoint vc="0" uspid="282" ordinal="0" offset="12" sl="13" sc="0" el="13" ec="0" bec="0" bev="0" fileid="12" />
              </SequencePoints>
              <BranchPoints />
            </Method>
            <Method visited="false" cyclomaticComplexity="0" nPathComplexity="0" sequenceCoverage="0.0" branchCoverage="0" crapScore="0" isConstructor="false" isStatic="false" isGetter="false" isSetter="false">
              <Summary numSequencePoints="14" visitedSequencePoints="0" numBranchPoints="0" visitedBranchPoints="0" sequenceCoverage="0.0" branchCoverage="0" maxCyclomaticComplexity="0" minCyclomaticComplexity="0" maxCrapScore="0" minCrapScore="0" visitedClasses="0" numClasses="0" visitedMethods="0" numMethods="1" />
              <MetadataToken>100663317</MetadataToken>
              <Name>System.Void PositionExample::OnGUI()</Name>
              <FileRef uid="12" />
              <SequencePoints>
                <SequencePoint vc="0" uspid="283" ordinal="0" offset="0" sl="16" sc="0" el="16" ec="0" bec="0" bev="0" fileid="12" />
                <SequencePoint vc="0" uspid="284" ordinal="0" offset="1" sl="17" sc="0" el="17" ec="0" bec="0" bev="0" fileid="12" />
                <SequencePoint vc="0" uspid="285" ordinal="0" offset="8" sl="18" sc="0" el="18" ec="0" bec="0" bev="0" fileid="12" />
                <SequencePoint vc="0" uspid="286" ordinal="0" offset="64" sl="20" sc="0" el="20" ec="0" bec="0" bev="0" fileid="12" />
                <SequencePoint vc="0" uspid="287" ordinal="0" offset="91" sl="21" sc="0" el="21" ec="0" bec="0" bev="0" fileid="12" />
                <SequencePoint vc="0" uspid="288" ordinal="0" offset="101" sl="22" sc="0" el="22" ec="0" bec="0" bev="0" fileid="12" />
                <SequencePoint vc="0" uspid="289" ordinal="0" offset="102" sl="23" sc="0" el="23" ec="0" bec="0" bev="0" fileid="12" />
                <SequencePoint vc="0" uspid="290" ordinal="0" offset="121" sl="24" sc="0" el="24" ec="0" bec="0" bev="0" fileid="12" />
                <SequencePoint vc="0" uspid="291" ordinal="0" offset="122" sl="25" sc="0" el="25" ec="0" bec="0" bev="0" fileid="12" />
                <SequencePoint vc="0" uspid="292" ordinal="0" offset="142" sl="26" sc="0" el="26" ec="0" bec="0" bev="0" fileid="12" />
                <SequencePoint vc="0" uspid="293" ordinal="0" offset="162" sl="28" sc="0" el="28" ec="0" bec="0" bev="0" fileid="12" />
                <SequencePoint vc="0" uspid="294" ordinal="0" offset="170" sl="29" sc="0" el="29" ec="0" bec="0" bev="0" fileid="12" />
                <SequencePoint vc="0" uspid="295" ordinal="0" offset="171" sl="30" sc="0" el="30" ec="0" bec="0" bev="0" fileid="12" />
                <SequencePoint vc="0" uspid="296" ordinal="0" offset="172" sl="31" sc="0" el="31" ec="0" bec="0" bev="0" fileid="12" />
              </SequencePoints>
              <BranchPoints />
            </Method>
            <Method visited="false" cyclomaticComplexity="0" nPathComplexity="0" sequenceCoverage="0.0" branchCoverage="0" crapScore="0" isConstructor="true" isStatic="false" isGetter="false" isSetter="false">
              <Summary numSequencePoints="1" visitedSequencePoints="0" numBranchPoints="0" visitedBranchPoints="0" sequenceCoverage="0.0" branchCoverage="0" maxCyclomaticComplexity="0" minCyclomaticComplexity="0" maxCrapScore="0" minCrapScore="0" visitedClasses="0" numClasses="0" visitedMethods="0" numMethods="1" />
              <MetadataToken>100663318</MetadataToken>
              <Name>PositionExample::PositionExample()</Name>
              <FileRef uid="12" />
              <SequencePoints>
                <SequencePoint vc="0" uspid="297" ordinal="0" offset="0" sl="7" sc="0" el="7" ec="0" bec="0" bev="0" fileid="12" />
              </SequencePoints>
              <BranchPoints />
            </Method>
          </Methods>
        </Class>
        <Class>
          <Summary numSequencePoints="16" visitedSequencePoints="0" numBranchPoints="0" visitedBranchPoints="0" sequenceCoverage="0.0" branchCoverage="0.0" maxCyclomaticComplexity="0" minCyclomaticComplexity="0" maxCrapScore="0" minCrapScore="0" visitedClasses="0" numClasses="1" visitedMethods="0" numMethods="4" />
          <FullName>TutorialStart</FullName>
          <Methods>
            <Method visited="false" cyclomaticComplexity="0" nPathComplexity="0" sequenceCoverage="0.0" branchCoverage="0" crapScore="0" isConstructor="false" isStatic="true" isGetter="false" isSetter="false">
              <Summary numSequencePoints="5" visitedSequencePoints="0" numBranchPoints="0" visitedBranchPoints="0" sequenceCoverage="0.0" branchCoverage="0" maxCyclomaticComplexity="0" minCyclomaticComplexity="0" maxCrapScore="0" minCrapScore="0" visitedClasses="0" numClasses="0" visitedMethods="0" numMethods="1" />
              <MetadataToken>100663319</MetadataToken>
              <Name>static System.Void TutorialStart::Init()</Name>
              <FileRef uid="13" />
              <SequencePoints>
                <SequencePoint vc="0" uspid="298" ordinal="0" offset="0" sl="11" sc="0" el="11" ec="0" bec="0" bev="0" fileid="13" />
                <SequencePoint vc="0" uspid="299" ordinal="0" offset="1" sl="12" sc="0" el="12" ec="0" bec="0" bev="0" fileid="13" />
                <SequencePoint vc="0" uspid="300" ordinal="0" offset="7" sl="14" sc="0" el="14" ec="0" bec="0" bev="0" fileid="13" />
                <SequencePoint vc="0" uspid="301" ordinal="0" offset="14" sl="15" sc="0" el="15" ec="0" bec="0" bev="0" fileid="13" />
                <SequencePoint vc="0" uspid="302" ordinal="0" offset="21" sl="16" sc="0" el="16" ec="0" bec="0" bev="0" fileid="13" />
              </SequencePoints>
              <BranchPoints />
            </Method>
            <Method visited="false" cyclomaticComplexity="0" nPathComplexity="0" sequenceCoverage="0.0" branchCoverage="0" crapScore="0" isConstructor="false" isStatic="false" isGetter="false" isSetter="false">
              <Summary numSequencePoints="4" visitedSequencePoints="0" numBranchPoints="0" visitedBranchPoints="0" sequenceCoverage="0.0" branchCoverage="0" maxCyclomaticComplexity="0" minCyclomaticComplexity="0" maxCrapScore="0" minCrapScore="0" visitedClasses="0" numClasses="0" visitedMethods="0" numMethods="1" />
              <MetadataToken>100663320</MetadataToken>
              <Name>System.Void TutorialStart::InitializePopup()</Name>
              <FileRef uid="13" />
              <SequencePoints>
                <SequencePoint vc="0" uspid="303" ordinal="0" offset="0" sl="19" sc="0" el="19" ec="0" bec="0" bev="0" fileid="13" />
                <SequencePoint vc="0" uspid="304" ordinal="0" offset="1" sl="20" sc="0" el="20" ec="0" bec="0" bev="0" fileid="13" />
                <SequencePoint vc="0" uspid="305" ordinal="0" offset="12" sl="22" sc="0" el="22" ec="0" bec="0" bev="0" fileid="13" />
                <SequencePoint vc="0" uspid="306" ordinal="0" offset="19" sl="23" sc="0" el="23" ec="0" bec="0" bev="0" fileid="13" />
              </SequencePoints>
              <BranchPoints />
            </Method>
            <Method visited="false" cyclomaticComplexity="0" nPathComplexity="0" sequenceCoverage="0.0" branchCoverage="0" crapScore="0" isConstructor="false" isStatic="false" isGetter="false" isSetter="false">
              <Summary numSequencePoints="4" visitedSequencePoints="0" numBranchPoints="0" visitedBranchPoints="0" sequenceCoverage="0.0" branchCoverage="0" maxCyclomaticComplexity="0" minCyclomaticComplexity="0" maxCrapScore="0" minCrapScore="0" visitedClasses="0" numClasses="0" visitedMethods="0" numMethods="1" />
              <MetadataToken>100663321</MetadataToken>
              <Name>System.Void TutorialStart::OnGUI()</Name>
              <FileRef uid="13" />
              <SequencePoints>
                <SequencePoint vc="0" uspid="307" ordinal="0" offset="0" sl="25" sc="0" el="25" ec="0" bec="0" bev="0" fileid="13" />
                <SequencePoint vc="0" uspid="308" ordinal="0" offset="1" sl="26" sc="0" el="26" ec="0" bec="0" bev="0" fileid="13" />
                <SequencePoint vc="0" uspid="309" ordinal="0" offset="8" sl="27" sc="0" el="27" ec="0" bec="0" bev="0" fileid="13" />
                <SequencePoint vc="0" uspid="310" ordinal="0" offset="15" sl="28" sc="0" el="28" ec="0" bec="0" bev="0" fileid="13" />
              </SequencePoints>
              <BranchPoints />
            </Method>
            <Method visited="false" cyclomaticComplexity="0" nPathComplexity="0" sequenceCoverage="0.0" branchCoverage="0" crapScore="0" isConstructor="false" isStatic="false" isGetter="false" isSetter="false">
              <Summary numSequencePoints="3" visitedSequencePoints="0" numBranchPoints="0" visitedBranchPoints="0" sequenceCoverage="0.0" branchCoverage="0" maxCyclomaticComplexity="0" minCyclomaticComplexity="0" maxCrapScore="0" minCrapScore="0" visitedClasses="0" numClasses="0" visitedMethods="0" numMethods="1" />
              <MetadataToken>100663322</MetadataToken>
              <Name>System.Void TutorialStart::SetUpText()</Name>
              <FileRef uid="13" />
              <SequencePoints>
                <SequencePoint vc="0" uspid="311" ordinal="0" offset="0" sl="31" sc="0" el="31" ec="0" bec="0" bev="0" fileid="13" />
                <SequencePoint vc="0" uspid="312" ordinal="0" offset="1" sl="32" sc="0" el="32" ec="0" bec="0" bev="0" fileid="13" />
                <SequencePoint vc="0" uspid="313" ordinal="0" offset="18" sl="33" sc="0" el="33" ec="0" bec="0" bev="0" fileid="13" />
              </SequencePoints>
              <BranchPoints />
            </Method>
          </Methods>
        </Class>
      </Classes>
    </Module>
  </Modules>
</CoverageSession>